
**** Build of configuration Debug for project DSEV2Lab01ERS ****

"C:\\Users\\eruiz3\\TI\\ccs\\utils\\bin\\gmake" -k -j 8 all -O 
 
Building file: "../main.c"
Invoking: ARM Compiler
"C:/Users/eruiz3/TI/ccs/tools/compiler/ti-cgt-arm_18.12.4.LTS/bin/armcl" -mv7M4 --code_state=16 --float_support=FPv4SPD16 -me --include_path="C:/Users/eruiz3/TI/DSE2022/DSEV2Lab01ERS" --include_path="C:/Users/eruiz3/TI/TivaWare_C_Series-2.1.4.178" --include_path="C:/Users/eruiz3/TI/ccs/tools/compiler/ti-cgt-arm_18.12.4.LTS/include" --define=ccs="ccs" --define=PART_TM4C129ENCPDT -g --gcc --diag_warning=225 --diag_wrap=off --display_error_number --abi=eabi --preproc_with_compile --preproc_dependency="main.d_raw"  "../main.c"
Finished building: "../main.c"
 
Building file: "../tm4c129encpdt_startup_ccs.c"
Invoking: ARM Compiler
"C:/Users/eruiz3/TI/ccs/tools/compiler/ti-cgt-arm_18.12.4.LTS/bin/armcl" -mv7M4 --code_state=16 --float_support=FPv4SPD16 -me --include_path="C:/Users/eruiz3/TI/DSE2022/DSEV2Lab01ERS" --include_path="C:/Users/eruiz3/TI/TivaWare_C_Series-2.1.4.178" --include_path="C:/Users/eruiz3/TI/ccs/tools/compiler/ti-cgt-arm_18.12.4.LTS/include" --define=ccs="ccs" --define=PART_TM4C129ENCPDT -g --gcc --diag_warning=225 --diag_wrap=off --display_error_number --abi=eabi --preproc_with_compile --preproc_dependency="tm4c129encpdt_startup_ccs.d_raw"  "../tm4c129encpdt_startup_ccs.c"
Finished building: "../tm4c129encpdt_startup_ccs.c"
 
Building target: "DSEV2Lab01ERS.out"
Invoking: ARM Linker
"C:/Users/eruiz3/TI/ccs/tools/compiler/ti-cgt-arm_18.12.4.LTS/bin/armcl" -mv7M4 --code_state=16 --float_support=FPv4SPD16 -me --define=ccs="ccs" --define=PART_TM4C129ENCPDT -g --gcc --diag_warning=225 --diag_wrap=off --display_error_number --abi=eabi -z -m"DSEV2Lab01ERS.map" --heap_size=0 --stack_size=512 -i"C:/Users/eruiz3/TI/ccs/tools/compiler/ti-cgt-arm_18.12.4.LTS/lib" -i"C:/Users/eruiz3/TI/ccs/tools/compiler/ti-cgt-arm_18.12.4.LTS/include" --reread_libs --diag_wrap=off --display_error_number --warn_sections --xml_link_info="DSEV2Lab01ERS_linkInfo.xml" --rom_model -o "DSEV2Lab01ERS.out" "./main.obj" "./tm4c129encpdt_startup_ccs.obj" "C:/Users/eruiz3/TI/TivaWare_C_Series-2.1.4.178/driverlib/ccs/Debug/driverlib.lib" "../tm4c129encpdt.cmd"  -llibc.a 
<Linking>
Finished building target: "DSEV2Lab01ERS.out"
 

**** Build Finished ****

**** Build of configuration Debug for project DSEV2Lab01ERS ****

"C:\\Users\\eruiz3\\TI\\ccs\\utils\\bin\\gmake" -k -j 8 all -O 
 
Building file: "../main.c"
Invoking: ARM Compiler
"C:/Users/eruiz3/TI/ccs/tools/compiler/ti-cgt-arm_18.12.4.LTS/bin/armcl" -mv7M4 --code_state=16 --float_support=FPv4SPD16 -me --include_path="C:/Users/eruiz3/TI/DSE2022/DSEV2Lab01ERS" --include_path="C:/Users/eruiz3/TI/TivaWare_C_Series-2.1.4.178" --include_path="C:/Users/eruiz3/TI/ccs/tools/compiler/ti-cgt-arm_18.12.4.LTS/include" --define=ccs="ccs" --define=PART_TM4C129ENCPDT -g --gcc --diag_warning=225 --diag_wrap=off --display_error_number --abi=eabi --preproc_with_compile --preproc_dependency="main.d_raw"  "../main.c"
Finished building: "../main.c"
 
Building target: "DSEV2Lab01ERS.out"
Invoking: ARM Linker
"C:/Users/eruiz3/TI/ccs/tools/compiler/ti-cgt-arm_18.12.4.LTS/bin/armcl" -mv7M4 --code_state=16 --float_support=FPv4SPD16 -me --define=ccs="ccs" --define=PART_TM4C129ENCPDT -g --gcc --diag_warning=225 --diag_wrap=off --display_error_number --abi=eabi -z -m"DSEV2Lab01ERS.map" --heap_size=0 --stack_size=512 -i"C:/Users/eruiz3/TI/ccs/tools/compiler/ti-cgt-arm_18.12.4.LTS/lib" -i"C:/Users/eruiz3/TI/ccs/tools/compiler/ti-cgt-arm_18.12.4.LTS/include" --reread_libs --diag_wrap=off --display_error_number --warn_sections --xml_link_info="DSEV2Lab01ERS_linkInfo.xml" --rom_model -o "DSEV2Lab01ERS.out" "./main.obj" "./tm4c129encpdt_startup_ccs.obj" "C:/Users/eruiz3/TI/TivaWare_C_Series-2.1.4.178/driverlib/ccs/Debug/driverlib.lib" "../tm4c129encpdt.cmd"  -llibc.a 
<Linking>
Finished building target: "DSEV2Lab01ERS.out"
 

**** Build Finished ****

**** Build of configuration Debug for project DSEV2Lab01ERS ****

"C:\\Users\\eruiz3\\TI\\ccs\\utils\\bin\\gmake" -k -j 8 all -O 
 
gmake[1]: 'DSEV2Lab01ERS.out' is up to date.

**** Build Finished ****

**** Build of configuration Debug for project DSEV2Lab01ERS ****

"C:\\Users\\eruiz3\\TI\\ccs\\utils\\bin\\gmake" -k -j 8 all -O 
 
Building file: "../main.c"
Invoking: ARM Compiler
"C:/Users/eruiz3/TI/ccs/tools/compiler/ti-cgt-arm_18.12.4.LTS/bin/armcl" -mv7M4 --code_state=16 --float_support=FPv4SPD16 -me --include_path="C:/Users/eruiz3/TI/DSE2022/DSEV2Lab01ERS" --include_path="C:/Users/eruiz3/TI/TivaWare_C_Series-2.1.4.178" --include_path="C:/Users/eruiz3/TI/ccs/tools/compiler/ti-cgt-arm_18.12.4.LTS/include" --define=ccs="ccs" --define=PART_TM4C129ENCPDT -g --gcc --diag_warning=225 --diag_wrap=off --display_error_number --abi=eabi --preproc_with_compile --preproc_dependency="main.d_raw"  "../main.c"
Finished building: "../main.c"
 
Building target: "DSEV2Lab01ERS.out"
Invoking: ARM Linker
"C:/Users/eruiz3/TI/ccs/tools/compiler/ti-cgt-arm_18.12.4.LTS/bin/armcl" -mv7M4 --code_state=16 --float_support=FPv4SPD16 -me --define=ccs="ccs" --define=PART_TM4C129ENCPDT -g --gcc --diag_warning=225 --diag_wrap=off --display_error_number --abi=eabi -z -m"DSEV2Lab01ERS.map" --heap_size=0 --stack_size=512 -i"C:/Users/eruiz3/TI/ccs/tools/compiler/ti-cgt-arm_18.12.4.LTS/lib" -i"C:/Users/eruiz3/TI/ccs/tools/compiler/ti-cgt-arm_18.12.4.LTS/include" --reread_libs --diag_wrap=off --display_error_number --warn_sections --xml_link_info="DSEV2Lab01ERS_linkInfo.xml" --rom_model -o "DSEV2Lab01ERS.out" "./main.obj" "./tm4c129encpdt_startup_ccs.obj" "C:/Users/eruiz3/TI/TivaWare_C_Series-2.1.4.178/driverlib/ccs/Debug/driverlib.lib" "../tm4c129encpdt.cmd"  -llibc.a 
<Linking>
Finished building target: "DSEV2Lab01ERS.out"
 

**** Build Finished ****

**** Build of configuration Debug for project DSEV2Lab01ERS ****

"C:\\Users\\eruiz3\\TI\\ccs\\utils\\bin\\gmake" -k -j 8 all -O 
 
gmake[1]: 'DSEV2Lab01ERS.out' is up to date.

**** Build Finished ****

**** Build of configuration Debug for project DSEV2Lab01ERS ****

"C:\\Users\\eruiz3\\TI\\ccs\\utils\\bin\\gmake" -k -j 8 all -O 
 
Building file: "../main.c"
Invoking: ARM Compiler
"C:/Users/eruiz3/TI/ccs/tools/compiler/ti-cgt-arm_18.12.4.LTS/bin/armcl" -mv7M4 --code_state=16 --float_support=FPv4SPD16 -me --include_path="C:/Users/eruiz3/TI/DSE2022/DSEV2Lab01ERS" --include_path="C:/Users/eruiz3/TI/TivaWare_C_Series-2.1.4.178" --include_path="C:/Users/eruiz3/TI/ccs/tools/compiler/ti-cgt-arm_18.12.4.LTS/include" --define=ccs="ccs" --define=PART_TM4C129ENCPDT -g --gcc --diag_warning=225 --diag_wrap=off --display_error_number --abi=eabi --preproc_with_compile --preproc_dependency="main.d_raw"  "../main.c"
Finished building: "../main.c"
 
Building target: "DSEV2Lab01ERS.out"
Invoking: ARM Linker
"C:/Users/eruiz3/TI/ccs/tools/compiler/ti-cgt-arm_18.12.4.LTS/bin/armcl" -mv7M4 --code_state=16 --float_support=FPv4SPD16 -me --define=ccs="ccs" --define=PART_TM4C129ENCPDT -g --gcc --diag_warning=225 --diag_wrap=off --display_error_number --abi=eabi -z -m"DSEV2Lab01ERS.map" --heap_size=0 --stack_size=512 -i"C:/Users/eruiz3/TI/ccs/tools/compiler/ti-cgt-arm_18.12.4.LTS/lib" -i"C:/Users/eruiz3/TI/ccs/tools/compiler/ti-cgt-arm_18.12.4.LTS/include" --reread_libs --diag_wrap=off --display_error_number --warn_sections --xml_link_info="DSEV2Lab01ERS_linkInfo.xml" --rom_model -o "DSEV2Lab01ERS.out" "./main.obj" "./tm4c129encpdt_startup_ccs.obj" "C:/Users/eruiz3/TI/TivaWare_C_Series-2.1.4.178/driverlib/ccs/Debug/driverlib.lib" "../tm4c129encpdt.cmd"  -llibc.a 
<Linking>
Finished building target: "DSEV2Lab01ERS.out"
 

**** Build Finished ****

**** Build of configuration Debug for project DSEV2Lab01ERS ****

"C:\\Users\\eruiz3\\TI\\ccs\\utils\\bin\\gmake" -k -j 8 all -O 
 
Building file: "../main.c"
Invoking: ARM Compiler
"C:/Users/eruiz3/TI/ccs/tools/compiler/ti-cgt-arm_18.12.4.LTS/bin/armcl" -mv7M4 --code_state=16 --float_support=FPv4SPD16 -me --include_path="C:/Users/eruiz3/TI/DSE2022/DSEV2Lab01ERS" --include_path="C:/Users/eruiz3/TI/TivaWare_C_Series-2.1.4.178" --include_path="C:/Users/eruiz3/TI/ccs/tools/compiler/ti-cgt-arm_18.12.4.LTS/include" --define=ccs="ccs" --define=PART_TM4C129ENCPDT -g --gcc --diag_warning=225 --diag_wrap=off --display_error_number --abi=eabi --preproc_with_compile --preproc_dependency="main.d_raw"  "../main.c"
Finished building: "../main.c"
 
Building target: "DSEV2Lab01ERS.out"
Invoking: ARM Linker
"C:/Users/eruiz3/TI/ccs/tools/compiler/ti-cgt-arm_18.12.4.LTS/bin/armcl" -mv7M4 --code_state=16 --float_support=FPv4SPD16 -me --define=ccs="ccs" --define=PART_TM4C129ENCPDT -g --gcc --diag_warning=225 --diag_wrap=off --display_error_number --abi=eabi -z -m"DSEV2Lab01ERS.map" --heap_size=0 --stack_size=512 -i"C:/Users/eruiz3/TI/ccs/tools/compiler/ti-cgt-arm_18.12.4.LTS/lib" -i"C:/Users/eruiz3/TI/ccs/tools/compiler/ti-cgt-arm_18.12.4.LTS/include" --reread_libs --diag_wrap=off --display_error_number --warn_sections --xml_link_info="DSEV2Lab01ERS_linkInfo.xml" --rom_model -o "DSEV2Lab01ERS.out" "./main.obj" "./tm4c129encpdt_startup_ccs.obj" "C:/Users/eruiz3/TI/TivaWare_C_Series-2.1.4.178/driverlib/ccs/Debug/driverlib.lib" "../tm4c129encpdt.cmd"  -llibc.a 
<Linking>
Finished building target: "DSEV2Lab01ERS.out"
 

**** Build Finished ****

**** Build of configuration Debug for project DSEV2Lab01ERS ****

"C:\\Users\\eruiz3\\TI\\ccs\\utils\\bin\\gmake" -k -j 8 all -O 
 
gmake[1]: 'DSEV2Lab01ERS.out' is up to date.

**** Build Finished ****

**** Build of configuration Debug for project DSEV2Lab01ERS ****

"C:\\Users\\eruiz3\\TI\\ccs\\utils\\bin\\gmake" -k -j 8 all -O 
 
Building file: "../main.c"
Invoking: ARM Compiler
"C:/Users/eruiz3/TI/ccs/tools/compiler/ti-cgt-arm_18.12.4.LTS/bin/armcl" -mv7M4 --code_state=16 --float_support=FPv4SPD16 -me --include_path="C:/Users/eruiz3/TI/DSE2022/DSEV2Lab01ERS" --include_path="C:/Users/eruiz3/TI/TivaWare_C_Series-2.1.4.178" --include_path="C:/Users/eruiz3/TI/ccs/tools/compiler/ti-cgt-arm_18.12.4.LTS/include" --define=ccs="ccs" --define=PART_TM4C129ENCPDT -g --gcc --diag_warning=225 --diag_wrap=off --display_error_number --abi=eabi --preproc_with_compile --preproc_dependency="main.d_raw"  "../main.c"
Finished building: "../main.c"
 
Building target: "DSEV2Lab01ERS.out"
Invoking: ARM Linker
"C:/Users/eruiz3/TI/ccs/tools/compiler/ti-cgt-arm_18.12.4.LTS/bin/armcl" -mv7M4 --code_state=16 --float_support=FPv4SPD16 -me --define=ccs="ccs" --define=PART_TM4C129ENCPDT -g --gcc --diag_warning=225 --diag_wrap=off --display_error_number --abi=eabi -z -m"DSEV2Lab01ERS.map" --heap_size=0 --stack_size=512 -i"C:/Users/eruiz3/TI/ccs/tools/compiler/ti-cgt-arm_18.12.4.LTS/lib" -i"C:/Users/eruiz3/TI/ccs/tools/compiler/ti-cgt-arm_18.12.4.LTS/include" --reread_libs --diag_wrap=off --display_error_number --warn_sections --xml_link_info="DSEV2Lab01ERS_linkInfo.xml" --rom_model -o "DSEV2Lab01ERS.out" "./main.obj" "./tm4c129encpdt_startup_ccs.obj" "C:/Users/eruiz3/TI/TivaWare_C_Series-2.1.4.178/driverlib/ccs/Debug/driverlib.lib" "../tm4c129encpdt.cmd"  -llibc.a 
<Linking>
Finished building target: "DSEV2Lab01ERS.out"
 

**** Build Finished ****

**** Build of configuration Debug for project DSEV2Lab01ERS ****

"C:\\Users\\eruiz3\\TI\\ccs\\utils\\bin\\gmake" -k -j 8 all -O 
 
gmake[1]: 'DSEV2Lab01ERS.out' is up to date.

**** Build Finished ****

**** Build of configuration Debug for project DSEV2Lab01ERS ****

"C:\\Users\\eruiz3\\TI\\ccs\\utils\\bin\\gmake" -k -j 8 all -O 
 
Building file: "../main.c"
Invoking: ARM Compiler
"C:/Users/eruiz3/TI/ccs/tools/compiler/ti-cgt-arm_18.12.4.LTS/bin/armcl" -mv7M4 --code_state=16 --float_support=FPv4SPD16 -me --include_path="C:/Users/eruiz3/TI/DSE2022/DSEV2Lab01ERS" --include_path="C:/Users/eruiz3/TI/TivaWare_C_Series-2.1.4.178" --include_path="C:/Users/eruiz3/TI/ccs/tools/compiler/ti-cgt-arm_18.12.4.LTS/include" --define=ccs="ccs" --define=PART_TM4C129ENCPDT -g --gcc --diag_warning=225 --diag_wrap=off --display_error_number --abi=eabi --preproc_with_compile --preproc_dependency="main.d_raw"  "../main.c"
Finished building: "../main.c"
 
Building target: "DSEV2Lab01ERS.out"
Invoking: ARM Linker
"C:/Users/eruiz3/TI/ccs/tools/compiler/ti-cgt-arm_18.12.4.LTS/bin/armcl" -mv7M4 --code_state=16 --float_support=FPv4SPD16 -me --define=ccs="ccs" --define=PART_TM4C129ENCPDT -g --gcc --diag_warning=225 --diag_wrap=off --display_error_number --abi=eabi -z -m"DSEV2Lab01ERS.map" --heap_size=0 --stack_size=512 -i"C:/Users/eruiz3/TI/ccs/tools/compiler/ti-cgt-arm_18.12.4.LTS/lib" -i"C:/Users/eruiz3/TI/ccs/tools/compiler/ti-cgt-arm_18.12.4.LTS/include" --reread_libs --diag_wrap=off --display_error_number --warn_sections --xml_link_info="DSEV2Lab01ERS_linkInfo.xml" --rom_model -o "DSEV2Lab01ERS.out" "./main.obj" "./tm4c129encpdt_startup_ccs.obj" "C:/Users/eruiz3/TI/TivaWare_C_Series-2.1.4.178/driverlib/ccs/Debug/driverlib.lib" "../tm4c129encpdt.cmd"  -llibc.a 
<Linking>
Finished building target: "DSEV2Lab01ERS.out"
 

**** Build Finished ****

**** Build of configuration Debug for project DSEV2Lab01ERS ****

"C:\\Users\\eruiz3\\TI\\ccs\\utils\\bin\\gmake" -k -j 8 all -O 
 
Building file: "../main.c"
Invoking: ARM Compiler
"C:/Users/eruiz3/TI/ccs/tools/compiler/ti-cgt-arm_18.12.4.LTS/bin/armcl" -mv7M4 --code_state=16 --float_support=FPv4SPD16 -me --include_path="C:/Users/eruiz3/TI/DSE2022/DSEV2Lab01ERS" --include_path="C:/Users/eruiz3/TI/TivaWare_C_Series-2.1.4.178" --include_path="C:/Users/eruiz3/TI/ccs/tools/compiler/ti-cgt-arm_18.12.4.LTS/include" --define=ccs="ccs" --define=PART_TM4C129ENCPDT -g --gcc --diag_warning=225 --diag_wrap=off --display_error_number --abi=eabi --preproc_with_compile --preproc_dependency="main.d_raw"  "../main.c"
 
>> Compilation failure
subdir_rules.mk:9: recipe for target 'main.obj' failed
"../main.c", line 56: error #20: identifier "uint8" is undefined
1 error detected in the compilation of "../main.c".
gmake: *** [main.obj] Error 1
gmake: Target 'all' not remade because of errors.

**** Build Finished ****

**** Build of configuration Debug for project DSEV2Lab01ERS ****

"C:\\Users\\eruiz3\\TI\\ccs\\utils\\bin\\gmake" -k -j 8 all -O 
 
Building file: "../main.c"
Invoking: ARM Compiler
"C:/Users/eruiz3/TI/ccs/tools/compiler/ti-cgt-arm_18.12.4.LTS/bin/armcl" -mv7M4 --code_state=16 --float_support=FPv4SPD16 -me --include_path="C:/Users/eruiz3/TI/DSE2022/DSEV2Lab01ERS" --include_path="C:/Users/eruiz3/TI/TivaWare_C_Series-2.1.4.178" --include_path="C:/Users/eruiz3/TI/ccs/tools/compiler/ti-cgt-arm_18.12.4.LTS/include" --define=ccs="ccs" --define=PART_TM4C129ENCPDT -g --gcc --diag_warning=225 --diag_wrap=off --display_error_number --abi=eabi --preproc_with_compile --preproc_dependency="main.d_raw"  "../main.c"
Finished building: "../main.c"
 
Building target: "DSEV2Lab01ERS.out"
Invoking: ARM Linker
"C:/Users/eruiz3/TI/ccs/tools/compiler/ti-cgt-arm_18.12.4.LTS/bin/armcl" -mv7M4 --code_state=16 --float_support=FPv4SPD16 -me --define=ccs="ccs" --define=PART_TM4C129ENCPDT -g --gcc --diag_warning=225 --diag_wrap=off --display_error_number --abi=eabi -z -m"DSEV2Lab01ERS.map" --heap_size=0 --stack_size=512 -i"C:/Users/eruiz3/TI/ccs/tools/compiler/ti-cgt-arm_18.12.4.LTS/lib" -i"C:/Users/eruiz3/TI/ccs/tools/compiler/ti-cgt-arm_18.12.4.LTS/include" --reread_libs --diag_wrap=off --display_error_number --warn_sections --xml_link_info="DSEV2Lab01ERS_linkInfo.xml" --rom_model -o "DSEV2Lab01ERS.out" "./main.obj" "./tm4c129encpdt_startup_ccs.obj" "C:/Users/eruiz3/TI/TivaWare_C_Series-2.1.4.178/driverlib/ccs/Debug/driverlib.lib" "../tm4c129encpdt.cmd"  -llibc.a 
<Linking>
Finished building target: "DSEV2Lab01ERS.out"
 

**** Build Finished ****

**** Build of configuration Debug for project DSEV2Lab01ERS ****

"C:\\Users\\eruiz3\\TI\\ccs\\utils\\bin\\gmake" -k -j 8 all -O 
 
gmake[1]: 'DSEV2Lab01ERS.out' is up to date.

**** Build Finished ****

**** Build of configuration Debug for project DSEV2Lab01ERS ****

"C:\\Users\\eruiz3\\TI\\ccs\\utils\\bin\\gmake" -k -j 8 all -O 
 
gmake[1]: 'DSEV2Lab01ERS.out' is up to date.

**** Build Finished ****

**** Build of configuration Debug for project DSEV2Lab01ERS ****

"C:\\Users\\eruiz3\\TI\\ccs\\utils\\bin\\gmake" -k -j 8 all -O 
 
Building file: "../Ejemplo_1.c"
Invoking: ARM Compiler
"C:/Users/eruiz3/TI/ccs/tools/compiler/ti-cgt-arm_18.12.4.LTS/bin/armcl" -mv7M4 --code_state=16 --float_support=FPv4SPD16 -me --include_path="C:/Users/eruiz3/TI/DSE2022/DSEV2Lab01ERS" --include_path="C:/Users/eruiz3/TI/TivaWare_C_Series-2.1.4.178" --include_path="C:/Users/eruiz3/TI/ccs/tools/compiler/ti-cgt-arm_18.12.4.LTS/include" --define=ccs="ccs" --define=PART_TM4C129ENCPDT -g --gcc --diag_warning=225 --diag_wrap=off --display_error_number --abi=eabi --preproc_with_compile --preproc_dependency="Ejemplo_1.d_raw"  "../Ejemplo_1.c"
 
>> Compilation failure
subdir_rules.mk:9: recipe for target 'Ejemplo_1.obj' failed
"../Ejemplo_1.c", line 2: fatal error #1965: cannot open source file "conio.h"
1 catastrophic error detected in the compilation of "../Ejemplo_1.c".
Compilation terminated.
gmake: *** [Ejemplo_1.obj] Error 1
Building file: "../Ejemplo_3.c"
Invoking: ARM Compiler
"C:/Users/eruiz3/TI/ccs/tools/compiler/ti-cgt-arm_18.12.4.LTS/bin/armcl" -mv7M4 --code_state=16 --float_support=FPv4SPD16 -me --include_path="C:/Users/eruiz3/TI/DSE2022/DSEV2Lab01ERS" --include_path="C:/Users/eruiz3/TI/TivaWare_C_Series-2.1.4.178" --include_path="C:/Users/eruiz3/TI/ccs/tools/compiler/ti-cgt-arm_18.12.4.LTS/include" --define=ccs="ccs" --define=PART_TM4C129ENCPDT -g --gcc --diag_warning=225 --diag_wrap=off --display_error_number --abi=eabi --preproc_with_compile --preproc_dependency="Ejemplo_3.d_raw"  "../Ejemplo_3.c"
 
>> Compilation failure
subdir_rules.mk:9: recipe for target 'Ejemplo_3.obj' failed
"../Ejemplo_3.c", line 2: fatal error #1965: cannot open source file "conio.h"
1 catastrophic error detected in the compilation of "../Ejemplo_3.c".
Compilation terminated.
gmake: *** [Ejemplo_3.obj] Error 1
Building file: "../Ejemplo_2.c"
Invoking: ARM Compiler
"C:/Users/eruiz3/TI/ccs/tools/compiler/ti-cgt-arm_18.12.4.LTS/bin/armcl" -mv7M4 --code_state=16 --float_support=FPv4SPD16 -me --include_path="C:/Users/eruiz3/TI/DSE2022/DSEV2Lab01ERS" --include_path="C:/Users/eruiz3/TI/TivaWare_C_Series-2.1.4.178" --include_path="C:/Users/eruiz3/TI/ccs/tools/compiler/ti-cgt-arm_18.12.4.LTS/include" --define=ccs="ccs" --define=PART_TM4C129ENCPDT -g --gcc --diag_warning=225 --diag_wrap=off --display_error_number --abi=eabi --preproc_with_compile --preproc_dependency="Ejemplo_2.d_raw"  "../Ejemplo_2.c"
 
>> Compilation failure
subdir_rules.mk:9: recipe for target 'Ejemplo_2.obj' failed
"../Ejemplo_2.c", line 2: fatal error #1965: cannot open source file "conio.h"
1 catastrophic error detected in the compilation of "../Ejemplo_2.c".
Compilation terminated.
gmake: *** [Ejemplo_2.obj] Error 1
Building file: "../main.c"
Invoking: ARM Compiler
"C:/Users/eruiz3/TI/ccs/tools/compiler/ti-cgt-arm_18.12.4.LTS/bin/armcl" -mv7M4 --code_state=16 --float_support=FPv4SPD16 -me --include_path="C:/Users/eruiz3/TI/DSE2022/DSEV2Lab01ERS" --include_path="C:/Users/eruiz3/TI/TivaWare_C_Series-2.1.4.178" --include_path="C:/Users/eruiz3/TI/ccs/tools/compiler/ti-cgt-arm_18.12.4.LTS/include" --define=ccs="ccs" --define=PART_TM4C129ENCPDT -g --gcc --diag_warning=225 --diag_wrap=off --display_error_number --abi=eabi --preproc_with_compile --preproc_dependency="main.d_raw"  "../main.c"
Finished building: "../main.c"
 
gmake: Target 'all' not remade because of errors.

**** Build Finished ****

**** Build of configuration Debug for project DSEV2Lab01ERS ****

"C:\\Users\\eruiz3\\TI\\ccs\\utils\\bin\\gmake" -k -j 8 all -O 
 
Building file: "../Ejemplo_1.c"
Invoking: ARM Compiler
"C:/Users/eruiz3/TI/ccs/tools/compiler/ti-cgt-arm_18.12.4.LTS/bin/armcl" -mv7M4 --code_state=16 --float_support=FPv4SPD16 -me --include_path="C:/Users/eruiz3/TI/DSE2022/DSEV2Lab01ERS" --include_path="C:/Users/eruiz3/TI/TivaWare_C_Series-2.1.4.178" --include_path="C:/Users/eruiz3/TI/ccs/tools/compiler/ti-cgt-arm_18.12.4.LTS/include" --define=ccs="ccs" --define=PART_TM4C129ENCPDT -g --gcc --diag_warning=225 --diag_wrap=off --display_error_number --abi=eabi --preproc_with_compile --preproc_dependency="Ejemplo_1.d_raw"  "../Ejemplo_1.c"
"../Ejemplo_1.c", line 18: warning #225-D: function "kbhit" declared implicitly
Finished building: "../Ejemplo_1.c"
 
Building file: "../Ejemplo_2.c"
Invoking: ARM Compiler
"C:/Users/eruiz3/TI/ccs/tools/compiler/ti-cgt-arm_18.12.4.LTS/bin/armcl" -mv7M4 --code_state=16 --float_support=FPv4SPD16 -me --include_path="C:/Users/eruiz3/TI/DSE2022/DSEV2Lab01ERS" --include_path="C:/Users/eruiz3/TI/TivaWare_C_Series-2.1.4.178" --include_path="C:/Users/eruiz3/TI/ccs/tools/compiler/ti-cgt-arm_18.12.4.LTS/include" --define=ccs="ccs" --define=PART_TM4C129ENCPDT -g --gcc --diag_warning=225 --diag_wrap=off --display_error_number --abi=eabi --preproc_with_compile --preproc_dependency="Ejemplo_2.d_raw"  "../Ejemplo_2.c"
"../Ejemplo_2.c", line 31: warning #225-D: function "kbhit" declared implicitly
Finished building: "../Ejemplo_2.c"
 
Building file: "../Ejemplo_3.c"
Invoking: ARM Compiler
"C:/Users/eruiz3/TI/ccs/tools/compiler/ti-cgt-arm_18.12.4.LTS/bin/armcl" -mv7M4 --code_state=16 --float_support=FPv4SPD16 -me --include_path="C:/Users/eruiz3/TI/DSE2022/DSEV2Lab01ERS" --include_path="C:/Users/eruiz3/TI/TivaWare_C_Series-2.1.4.178" --include_path="C:/Users/eruiz3/TI/ccs/tools/compiler/ti-cgt-arm_18.12.4.LTS/include" --define=ccs="ccs" --define=PART_TM4C129ENCPDT -g --gcc --diag_warning=225 --diag_wrap=off --display_error_number --abi=eabi --preproc_with_compile --preproc_dependency="Ejemplo_3.d_raw"  "../Ejemplo_3.c"
"../Ejemplo_3.c", line 23: warning #225-D: function "kbhit" declared implicitly
Finished building: "../Ejemplo_3.c"
 
Building target: "DSEV2Lab01ERS.out"
Invoking: ARM Linker
"C:/Users/eruiz3/TI/ccs/tools/compiler/ti-cgt-arm_18.12.4.LTS/bin/armcl" -mv7M4 --code_state=16 --float_support=FPv4SPD16 -me --define=ccs="ccs" --define=PART_TM4C129ENCPDT -g --gcc --diag_warning=225 --diag_wrap=off --display_error_number --abi=eabi -z -m"DSEV2Lab01ERS.map" --heap_size=0 --stack_size=512 -i"C:/Users/eruiz3/TI/ccs/tools/compiler/ti-cgt-arm_18.12.4.LTS/lib" -i"C:/Users/eruiz3/TI/ccs/tools/compiler/ti-cgt-arm_18.12.4.LTS/include" --reread_libs --diag_wrap=off --display_error_number --warn_sections --xml_link_info="DSEV2Lab01ERS_linkInfo.xml" --rom_model -o "DSEV2Lab01ERS.out" "./Ejemplo_1.obj" "./Ejemplo_2.obj" "./Ejemplo_3.obj" "./main.obj" "./tm4c129encpdt_startup_ccs.obj" "C:/Users/eruiz3/TI/TivaWare_C_Series-2.1.4.178/driverlib/ccs/Debug/driverlib.lib" "../tm4c129encpdt.cmd"  -llibc.a 
<Linking>
error #10056: symbol "main" redefined: first defined in "./Ejemplo_1.obj"; redefined in "./Ejemplo_2.obj"
error #10056: symbol "main" redefined: first defined in "./Ejemplo_1.obj"; redefined in "./Ejemplo_3.obj"
error #10056: symbol "main" redefined: first defined in "./Ejemplo_1.obj"; redefined in "./main.obj"
 
 undefined first referenced
  symbol       in file     
 --------- ----------------
 kbhit     ./Ejemplo_1.obj 
 
error #10234-D: unresolved symbols remain
error #10010: errors encountered during linking; "DSEV2Lab01ERS.out" not built
 
>> Compilation failure
makefile:146: recipe for target 'DSEV2Lab01ERS.out' failed
gmake[1]: *** [DSEV2Lab01ERS.out] Error 1
makefile:142: recipe for target 'all' failed
gmake: *** [all] Error 2

**** Build Finished ****

**** Build of configuration Debug for project DSEV2Lab01ERS ****

"C:\\Users\\eruiz3\\TI\\ccs\\utils\\bin\\gmake" -k -j 8 all -O 
 
Building file: "../Ejemplo_3.c"
Invoking: ARM Compiler
"C:/Users/eruiz3/TI/ccs/tools/compiler/ti-cgt-arm_18.12.4.LTS/bin/armcl" -mv7M4 --code_state=16 --float_support=FPv4SPD16 -me --include_path="C:/Users/eruiz3/TI/DSE2022/DSEV2Lab01ERS" --include_path="C:/Users/eruiz3/TI/TivaWare_C_Series-2.1.4.178" --include_path="C:/Users/eruiz3/TI/ccs/tools/compiler/ti-cgt-arm_18.12.4.LTS/include" --define=ccs="ccs" --define=PART_TM4C129ENCPDT -g --gcc --diag_warning=225 --diag_wrap=off --display_error_number --abi=eabi --preproc_with_compile --preproc_dependency="Ejemplo_3.d_raw"  "../Ejemplo_3.c"
 
>> Compilation failure
subdir_rules.mk:9: recipe for target 'Ejemplo_3.obj' failed
"../Ejemplo_3.c", line 3: error #20: identifier "r4" is undefined
"../Ejemplo_3.c", line 24: warning #176-D: expression has no effect
"../Ejemplo_3.c", line 26: warning #225-D: function "kbhit" declared implicitly
"../Ejemplo_3.c", line 26: warning #129-D: loop is not reachable
"../Ejemplo_3.c", line 27: warning #994-D: missing return statement at end of non-void function "Ej3"
1 error detected in the compilation of "../Ejemplo_3.c".
gmake: *** [Ejemplo_3.obj] Error 1
Building file: "../main.c"
Invoking: ARM Compiler
"C:/Users/eruiz3/TI/ccs/tools/compiler/ti-cgt-arm_18.12.4.LTS/bin/armcl" -mv7M4 --code_state=16 --float_support=FPv4SPD16 -me --include_path="C:/Users/eruiz3/TI/DSE2022/DSEV2Lab01ERS" --include_path="C:/Users/eruiz3/TI/TivaWare_C_Series-2.1.4.178" --include_path="C:/Users/eruiz3/TI/ccs/tools/compiler/ti-cgt-arm_18.12.4.LTS/include" --define=ccs="ccs" --define=PART_TM4C129ENCPDT -g --gcc --diag_warning=225 --diag_wrap=off --display_error_number --abi=eabi --preproc_with_compile --preproc_dependency="main.d_raw"  "../main.c"
 
>> Compilation failure
subdir_rules.mk:9: recipe for target 'main.obj' failed
"..\Ejemplo_1.c", line 20: warning #121-D: return value type does not match the function type
"..\Ejemplo_1.c", line 22: warning #225-D: function "kbhit" declared implicitly
"..\Ejemplo_1.c", line 22: warning #129-D: loop is not reachable
"..\Ejemplo_1.c", line 23: warning #994-D: missing return statement at end of non-void function "Ej1"
"..\Ejemplo_2.c", line 35: warning #225-D: function "kbhit" declared implicitly
"..\Ejemplo_2.c", line 35: warning #129-D: loop is not reachable
"..\Ejemplo_2.c", line 36: warning #994-D: missing return statement at end of non-void function "Ej2"
"..\Ejemplo_3.c", line 3: error #20: identifier "r4" is undefined
"..\Ejemplo_3.c", line 24: warning #176-D: expression has no effect
"..\Ejemplo_3.c", line 26: warning #225-D: function "kbhit" declared implicitly
"..\Ejemplo_3.c", line 26: warning #129-D: loop is not reachable
"..\Ejemplo_3.c", line 27: warning #994-D: missing return statement at end of non-void function "Ej3"
"../main.c", line 60: error #167: too few arguments in function call
"../main.c", line 61: error #167: too few arguments in function call
"../main.c", line 62: error #167: too few arguments in function call
4 errors detected in the compilation of "../main.c".
gmake: *** [main.obj] Error 1
Building file: "../Ejemplo_1.c"
Invoking: ARM Compiler
"C:/Users/eruiz3/TI/ccs/tools/compiler/ti-cgt-arm_18.12.4.LTS/bin/armcl" -mv7M4 --code_state=16 --float_support=FPv4SPD16 -me --include_path="C:/Users/eruiz3/TI/DSE2022/DSEV2Lab01ERS" --include_path="C:/Users/eruiz3/TI/TivaWare_C_Series-2.1.4.178" --include_path="C:/Users/eruiz3/TI/ccs/tools/compiler/ti-cgt-arm_18.12.4.LTS/include" --define=ccs="ccs" --define=PART_TM4C129ENCPDT -g --gcc --diag_warning=225 --diag_wrap=off --display_error_number --abi=eabi --preproc_with_compile --preproc_dependency="Ejemplo_1.d_raw"  "../Ejemplo_1.c"
"../Ejemplo_1.c", line 20: warning #121-D: return value type does not match the function type
"../Ejemplo_1.c", line 22: warning #225-D: function "kbhit" declared implicitly
"../Ejemplo_1.c", line 22: warning #129-D: loop is not reachable
"../Ejemplo_1.c", line 23: warning #994-D: missing return statement at end of non-void function "Ej1"
Finished building: "../Ejemplo_1.c"
 
Building file: "../Ejemplo_2.c"
Invoking: ARM Compiler
"C:/Users/eruiz3/TI/ccs/tools/compiler/ti-cgt-arm_18.12.4.LTS/bin/armcl" -mv7M4 --code_state=16 --float_support=FPv4SPD16 -me --include_path="C:/Users/eruiz3/TI/DSE2022/DSEV2Lab01ERS" --include_path="C:/Users/eruiz3/TI/TivaWare_C_Series-2.1.4.178" --include_path="C:/Users/eruiz3/TI/ccs/tools/compiler/ti-cgt-arm_18.12.4.LTS/include" --define=ccs="ccs" --define=PART_TM4C129ENCPDT -g --gcc --diag_warning=225 --diag_wrap=off --display_error_number --abi=eabi --preproc_with_compile --preproc_dependency="Ejemplo_2.d_raw"  "../Ejemplo_2.c"
"../Ejemplo_2.c", line 35: warning #225-D: function "kbhit" declared implicitly
"../Ejemplo_2.c", line 35: warning #129-D: loop is not reachable
"../Ejemplo_2.c", line 36: warning #994-D: missing return statement at end of non-void function "Ej2"
Finished building: "../Ejemplo_2.c"
 
gmake: Target 'all' not remade because of errors.

**** Build Finished ****

**** Build of configuration Debug for project DSEV2Lab01ERS ****

"C:\\Users\\eruiz3\\TI\\ccs\\utils\\bin\\gmake" -k -j 8 all -O 
 
Building file: "../Ejemplo_3.c"
Invoking: ARM Compiler
"C:/Users/eruiz3/TI/ccs/tools/compiler/ti-cgt-arm_18.12.4.LTS/bin/armcl" -mv7M4 --code_state=16 --float_support=FPv4SPD16 -me --include_path="C:/Users/eruiz3/TI/DSE2022/DSEV2Lab01ERS" --include_path="C:/Users/eruiz3/TI/TivaWare_C_Series-2.1.4.178" --include_path="C:/Users/eruiz3/TI/ccs/tools/compiler/ti-cgt-arm_18.12.4.LTS/include" --define=ccs="ccs" --define=PART_TM4C129ENCPDT -g --gcc --diag_warning=225 --diag_wrap=off --display_error_number --abi=eabi --preproc_with_compile --preproc_dependency="Ejemplo_3.d_raw"  "../Ejemplo_3.c"
 
>> Compilation failure
subdir_rules.mk:9: recipe for target 'Ejemplo_3.obj' failed
"../Ejemplo_3.c", line 3: error #20: identifier "r4" is undefined
"../Ejemplo_3.c", line 24: warning #176-D: expression has no effect
"../Ejemplo_3.c", line 26: warning #225-D: function "kbhit" declared implicitly
"../Ejemplo_3.c", line 26: warning #129-D: loop is not reachable
"../Ejemplo_3.c", line 27: warning #994-D: missing return statement at end of non-void function "Ej3"
1 error detected in the compilation of "../Ejemplo_3.c".
gmake: *** [Ejemplo_3.obj] Error 1
Building file: "../main.c"
Invoking: ARM Compiler
"C:/Users/eruiz3/TI/ccs/tools/compiler/ti-cgt-arm_18.12.4.LTS/bin/armcl" -mv7M4 --code_state=16 --float_support=FPv4SPD16 -me --include_path="C:/Users/eruiz3/TI/DSE2022/DSEV2Lab01ERS" --include_path="C:/Users/eruiz3/TI/TivaWare_C_Series-2.1.4.178" --include_path="C:/Users/eruiz3/TI/ccs/tools/compiler/ti-cgt-arm_18.12.4.LTS/include" --define=ccs="ccs" --define=PART_TM4C129ENCPDT -g --gcc --diag_warning=225 --diag_wrap=off --display_error_number --abi=eabi --preproc_with_compile --preproc_dependency="main.d_raw"  "../main.c"
 
>> Compilation failure
subdir_rules.mk:9: recipe for target 'main.obj' failed
"..\Ejemplo_1.c", line 20: warning #121-D: return value type does not match the function type
"..\Ejemplo_1.c", line 22: warning #225-D: function "kbhit" declared implicitly
"..\Ejemplo_1.c", line 22: warning #129-D: loop is not reachable
"..\Ejemplo_1.c", line 23: warning #994-D: missing return statement at end of non-void function "Ej1"
"..\Ejemplo_2.c", line 35: warning #225-D: function "kbhit" declared implicitly
"..\Ejemplo_2.c", line 35: warning #129-D: loop is not reachable
"..\Ejemplo_2.c", line 36: warning #994-D: missing return statement at end of non-void function "Ej2"
"..\Ejemplo_3.c", line 3: error #20: identifier "r4" is undefined
"..\Ejemplo_3.c", line 24: warning #176-D: expression has no effect
"..\Ejemplo_3.c", line 26: warning #225-D: function "kbhit" declared implicitly
"..\Ejemplo_3.c", line 26: warning #129-D: loop is not reachable
"..\Ejemplo_3.c", line 27: warning #994-D: missing return statement at end of non-void function "Ej3"
1 error detected in the compilation of "../main.c".
gmake: *** [main.obj] Error 1
gmake: Target 'all' not remade because of errors.

**** Build Finished ****

**** Build of configuration Debug for project DSEV2Lab01ERS ****

"C:\\Users\\eruiz3\\TI\\ccs\\utils\\bin\\gmake" -k -j 8 all -O 
 
Building file: "../Ejemplo_3.c"
Invoking: ARM Compiler
"C:/Users/eruiz3/TI/ccs/tools/compiler/ti-cgt-arm_18.12.4.LTS/bin/armcl" -mv7M4 --code_state=16 --float_support=FPv4SPD16 -me --include_path="C:/Users/eruiz3/TI/DSE2022/DSEV2Lab01ERS" --include_path="C:/Users/eruiz3/TI/TivaWare_C_Series-2.1.4.178" --include_path="C:/Users/eruiz3/TI/ccs/tools/compiler/ti-cgt-arm_18.12.4.LTS/include" --define=ccs="ccs" --define=PART_TM4C129ENCPDT -g --gcc --diag_warning=225 --diag_wrap=off --display_error_number --abi=eabi --preproc_with_compile --preproc_dependency="Ejemplo_3.d_raw"  "../Ejemplo_3.c"
"../Ejemplo_3.c", line 24: warning #176-D: expression has no effect
"../Ejemplo_3.c", line 26: warning #225-D: function "kbhit" declared implicitly
"../Ejemplo_3.c", line 26: warning #129-D: loop is not reachable
"../Ejemplo_3.c", line 27: warning #994-D: missing return statement at end of non-void function "Ej3"
Finished building: "../Ejemplo_3.c"
 
Building file: "../main.c"
Invoking: ARM Compiler
"C:/Users/eruiz3/TI/ccs/tools/compiler/ti-cgt-arm_18.12.4.LTS/bin/armcl" -mv7M4 --code_state=16 --float_support=FPv4SPD16 -me --include_path="C:/Users/eruiz3/TI/DSE2022/DSEV2Lab01ERS" --include_path="C:/Users/eruiz3/TI/TivaWare_C_Series-2.1.4.178" --include_path="C:/Users/eruiz3/TI/ccs/tools/compiler/ti-cgt-arm_18.12.4.LTS/include" --define=ccs="ccs" --define=PART_TM4C129ENCPDT -g --gcc --diag_warning=225 --diag_wrap=off --display_error_number --abi=eabi --preproc_with_compile --preproc_dependency="main.d_raw"  "../main.c"
"..\Ejemplo_1.c", line 20: warning #121-D: return value type does not match the function type
"..\Ejemplo_1.c", line 22: warning #225-D: function "kbhit" declared implicitly
"..\Ejemplo_1.c", line 22: warning #129-D: loop is not reachable
"..\Ejemplo_1.c", line 23: warning #994-D: missing return statement at end of non-void function "Ej1"
"..\Ejemplo_2.c", line 35: warning #225-D: function "kbhit" declared implicitly
"..\Ejemplo_2.c", line 35: warning #129-D: loop is not reachable
"..\Ejemplo_2.c", line 36: warning #994-D: missing return statement at end of non-void function "Ej2"
"..\Ejemplo_3.c", line 24: warning #176-D: expression has no effect
"..\Ejemplo_3.c", line 26: warning #225-D: function "kbhit" declared implicitly
"..\Ejemplo_3.c", line 26: warning #129-D: loop is not reachable
"..\Ejemplo_3.c", line 27: warning #994-D: missing return statement at end of non-void function "Ej3"
Finished building: "../main.c"
 
Building target: "DSEV2Lab01ERS.out"
Invoking: ARM Linker
"C:/Users/eruiz3/TI/ccs/tools/compiler/ti-cgt-arm_18.12.4.LTS/bin/armcl" -mv7M4 --code_state=16 --float_support=FPv4SPD16 -me --define=ccs="ccs" --define=PART_TM4C129ENCPDT -g --gcc --diag_warning=225 --diag_wrap=off --display_error_number --abi=eabi -z -m"DSEV2Lab01ERS.map" --heap_size=0 --stack_size=512 -i"C:/Users/eruiz3/TI/ccs/tools/compiler/ti-cgt-arm_18.12.4.LTS/lib" -i"C:/Users/eruiz3/TI/ccs/tools/compiler/ti-cgt-arm_18.12.4.LTS/include" --reread_libs --diag_wrap=off --display_error_number --warn_sections --xml_link_info="DSEV2Lab01ERS_linkInfo.xml" --rom_model -o "DSEV2Lab01ERS.out" "./Ejemplo_1.obj" "./Ejemplo_2.obj" "./Ejemplo_3.obj" "./main.obj" "./tm4c129encpdt_startup_ccs.obj" "C:/Users/eruiz3/TI/TivaWare_C_Series-2.1.4.178/driverlib/ccs/Debug/driverlib.lib" "../tm4c129encpdt.cmd"  -llibc.a 
<Linking>
error #10056: symbol "FN_Cube" redefined: first defined in "./Ejemplo_3.obj"; redefined in "./main.obj"
error #10056: symbol "Ej3" redefined: first defined in "./Ejemplo_3.obj"; redefined in "./main.obj"
error #10056: symbol "Ej2" redefined: first defined in "./Ejemplo_2.obj"; redefined in "./main.obj"
error #10056: symbol "Ej1" redefined: first defined in "./Ejemplo_1.obj"; redefined in "./main.obj"
error #10056: symbol "SR_Cube" redefined: first defined in "./Ejemplo_3.obj"; redefined in "./main.obj"
error #10010: errors encountered during linking; "DSEV2Lab01ERS.out" not built
 
>> Compilation failure
makefile:146: recipe for target 'DSEV2Lab01ERS.out' failed
gmake[1]: *** [DSEV2Lab01ERS.out] Error 1
makefile:142: recipe for target 'all' failed
gmake: *** [all] Error 2

**** Build Finished ****

**** Build of configuration Debug for project DSEV2Lab01ERS ****

"C:\\Users\\eruiz3\\TI\\ccs\\utils\\bin\\gmake" -k -j 8 all -O 
 
Building target: "DSEV2Lab01ERS.out"
Invoking: ARM Linker
"C:/Users/eruiz3/TI/ccs/tools/compiler/ti-cgt-arm_18.12.4.LTS/bin/armcl" -mv7M4 --code_state=16 --float_support=FPv4SPD16 -me --define=ccs="ccs" --define=PART_TM4C129ENCPDT -g --gcc --diag_warning=225 --diag_wrap=off --display_error_number --abi=eabi -z -m"DSEV2Lab01ERS.map" --heap_size=0 --stack_size=512 -i"C:/Users/eruiz3/TI/ccs/tools/compiler/ti-cgt-arm_18.12.4.LTS/lib" -i"C:/Users/eruiz3/TI/ccs/tools/compiler/ti-cgt-arm_18.12.4.LTS/include" --reread_libs --diag_wrap=off --display_error_number --warn_sections --xml_link_info="DSEV2Lab01ERS_linkInfo.xml" --rom_model -o "DSEV2Lab01ERS.out" "./Ejemplo_1.obj" "./Ejemplo_2.obj" "./Ejemplo_3.obj" "./main.obj" "./tm4c129encpdt_startup_ccs.obj" "C:/Users/eruiz3/TI/TivaWare_C_Series-2.1.4.178/driverlib/ccs/Debug/driverlib.lib" "../tm4c129encpdt.cmd"  -llibc.a 
<Linking>
error #10056: symbol "FN_Cube" redefined: first defined in "./Ejemplo_3.obj"; redefined in "./main.obj"
error #10056: symbol "Ej3" redefined: first defined in "./Ejemplo_3.obj"; redefined in "./main.obj"
error #10056: symbol "Ej2" redefined: first defined in "./Ejemplo_2.obj"; redefined in "./main.obj"
error #10056: symbol "Ej1" redefined: first defined in "./Ejemplo_1.obj"; redefined in "./main.obj"
error #10056: symbol "SR_Cube" redefined: first defined in "./Ejemplo_3.obj"; redefined in "./main.obj"
error #10010: errors encountered during linking; "DSEV2Lab01ERS.out" not built
 
>> Compilation failure
makefile:146: recipe for target 'DSEV2Lab01ERS.out' failed
gmake[1]: *** [DSEV2Lab01ERS.out] Error 1
makefile:142: recipe for target 'all' failed
gmake: *** [all] Error 2

**** Build Finished ****

**** Build of configuration Debug for project DSEV2Lab01ERS ****

"C:\\Users\\eruiz3\\TI\\ccs\\utils\\bin\\gmake" -k -j 8 all -O 
 
Building file: "../Ejemplo_1.c"
Invoking: ARM Compiler
"C:/Users/eruiz3/TI/ccs/tools/compiler/ti-cgt-arm_18.12.4.LTS/bin/armcl" -mv7M4 --code_state=16 --float_support=FPv4SPD16 -me --include_path="C:/Users/eruiz3/TI/DSE2022/DSEV2Lab01ERS" --include_path="C:/Users/eruiz3/TI/TivaWare_C_Series-2.1.4.178" --include_path="C:/Users/eruiz3/TI/ccs/tools/compiler/ti-cgt-arm_18.12.4.LTS/include" --define=ccs="ccs" --define=PART_TM4C129ENCPDT -g --gcc --diag_warning=225 --diag_wrap=off --display_error_number --abi=eabi --preproc_with_compile --preproc_dependency="Ejemplo_1.d_raw"  "../Ejemplo_1.c"
"../Ejemplo_1.c", line 20: warning #121-D: return value type does not match the function type
Finished building: "../Ejemplo_1.c"
 
Building file: "../Ejemplo_2.c"
Invoking: ARM Compiler
"C:/Users/eruiz3/TI/ccs/tools/compiler/ti-cgt-arm_18.12.4.LTS/bin/armcl" -mv7M4 --code_state=16 --float_support=FPv4SPD16 -me --include_path="C:/Users/eruiz3/TI/DSE2022/DSEV2Lab01ERS" --include_path="C:/Users/eruiz3/TI/TivaWare_C_Series-2.1.4.178" --include_path="C:/Users/eruiz3/TI/ccs/tools/compiler/ti-cgt-arm_18.12.4.LTS/include" --define=ccs="ccs" --define=PART_TM4C129ENCPDT -g --gcc --diag_warning=225 --diag_wrap=off --display_error_number --abi=eabi --preproc_with_compile --preproc_dependency="Ejemplo_2.d_raw"  "../Ejemplo_2.c"
Finished building: "../Ejemplo_2.c"
 
Building file: "../Ejemplo_3.c"
Invoking: ARM Compiler
"C:/Users/eruiz3/TI/ccs/tools/compiler/ti-cgt-arm_18.12.4.LTS/bin/armcl" -mv7M4 --code_state=16 --float_support=FPv4SPD16 -me --include_path="C:/Users/eruiz3/TI/DSE2022/DSEV2Lab01ERS" --include_path="C:/Users/eruiz3/TI/TivaWare_C_Series-2.1.4.178" --include_path="C:/Users/eruiz3/TI/ccs/tools/compiler/ti-cgt-arm_18.12.4.LTS/include" --define=ccs="ccs" --define=PART_TM4C129ENCPDT -g --gcc --diag_warning=225 --diag_wrap=off --display_error_number --abi=eabi --preproc_with_compile --preproc_dependency="Ejemplo_3.d_raw"  "../Ejemplo_3.c"
"../Ejemplo_3.c", line 24: warning #176-D: expression has no effect
Finished building: "../Ejemplo_3.c"
 
Building file: "../main.c"
Invoking: ARM Compiler
"C:/Users/eruiz3/TI/ccs/tools/compiler/ti-cgt-arm_18.12.4.LTS/bin/armcl" -mv7M4 --code_state=16 --float_support=FPv4SPD16 -me --include_path="C:/Users/eruiz3/TI/DSE2022/DSEV2Lab01ERS" --include_path="C:/Users/eruiz3/TI/TivaWare_C_Series-2.1.4.178" --include_path="C:/Users/eruiz3/TI/ccs/tools/compiler/ti-cgt-arm_18.12.4.LTS/include" --define=ccs="ccs" --define=PART_TM4C129ENCPDT -g --gcc --diag_warning=225 --diag_wrap=off --display_error_number --abi=eabi --preproc_with_compile --preproc_dependency="main.d_raw"  "../main.c"
"..\Ejemplo_1.c", line 20: warning #121-D: return value type does not match the function type
"..\Ejemplo_3.c", line 24: warning #176-D: expression has no effect
Finished building: "../main.c"
 
Building target: "DSEV2Lab01ERS.out"
Invoking: ARM Linker
"C:/Users/eruiz3/TI/ccs/tools/compiler/ti-cgt-arm_18.12.4.LTS/bin/armcl" -mv7M4 --code_state=16 --float_support=FPv4SPD16 -me --define=ccs="ccs" --define=PART_TM4C129ENCPDT -g --gcc --diag_warning=225 --diag_wrap=off --display_error_number --abi=eabi -z -m"DSEV2Lab01ERS.map" --heap_size=0 --stack_size=512 -i"C:/Users/eruiz3/TI/ccs/tools/compiler/ti-cgt-arm_18.12.4.LTS/lib" -i"C:/Users/eruiz3/TI/ccs/tools/compiler/ti-cgt-arm_18.12.4.LTS/include" --reread_libs --diag_wrap=off --display_error_number --warn_sections --xml_link_info="DSEV2Lab01ERS_linkInfo.xml" --rom_model -o "DSEV2Lab01ERS.out" "./Ejemplo_1.obj" "./Ejemplo_2.obj" "./Ejemplo_3.obj" "./main.obj" "./tm4c129encpdt_startup_ccs.obj" "C:/Users/eruiz3/TI/TivaWare_C_Series-2.1.4.178/driverlib/ccs/Debug/driverlib.lib" "../tm4c129encpdt.cmd"  -llibc.a 
<Linking>
error #10056: symbol "FN_Cube" redefined: first defined in "./Ejemplo_3.obj"; redefined in "./main.obj"
error #10056: symbol "Ej3" redefined: first defined in "./Ejemplo_3.obj"; redefined in "./main.obj"
error #10056: symbol "Ej2" redefined: first defined in "./Ejemplo_2.obj"; redefined in "./main.obj"
error #10056: symbol "Ej1" redefined: first defined in "./Ejemplo_1.obj"; redefined in "./main.obj"
error #10056: symbol "SR_Cube" redefined: first defined in "./Ejemplo_3.obj"; redefined in "./main.obj"
error #10010: errors encountered during linking; "DSEV2Lab01ERS.out" not built
 
>> Compilation failure
makefile:146: recipe for target 'DSEV2Lab01ERS.out' failed
gmake[1]: *** [DSEV2Lab01ERS.out] Error 1
makefile:142: recipe for target 'all' failed
gmake: *** [all] Error 2

**** Build Finished ****

**** Build of configuration Debug for project DSEV2Lab01ERS ****

"C:\\Users\\eruiz3\\TI\\ccs\\utils\\bin\\gmake" -k -j 8 all -O 
 
Building file: "../Ejemplo_1.c"
Invoking: ARM Compiler
"C:/Users/eruiz3/TI/ccs/tools/compiler/ti-cgt-arm_18.12.4.LTS/bin/armcl" -mv7M4 --code_state=16 --float_support=FPv4SPD16 -me --include_path="C:/Users/eruiz3/TI/DSE2022/DSEV2Lab01ERS" --include_path="C:/Users/eruiz3/TI/TivaWare_C_Series-2.1.4.178" --include_path="C:/Users/eruiz3/TI/ccs/tools/compiler/ti-cgt-arm_18.12.4.LTS/include" --define=ccs="ccs" --define=PART_TM4C129ENCPDT -g --gcc --diag_warning=225 --diag_wrap=off --display_error_number --abi=eabi --preproc_with_compile --preproc_dependency="Ejemplo_1.d_raw"  "../Ejemplo_1.c"
"../Ejemplo_1.c", line 20: warning #121-D: return value type does not match the function type
Finished building: "../Ejemplo_1.c"
 
Building file: "../Ejemplo_3.c"
Invoking: ARM Compiler
"C:/Users/eruiz3/TI/ccs/tools/compiler/ti-cgt-arm_18.12.4.LTS/bin/armcl" -mv7M4 --code_state=16 --float_support=FPv4SPD16 -me --include_path="C:/Users/eruiz3/TI/DSE2022/DSEV2Lab01ERS" --include_path="C:/Users/eruiz3/TI/TivaWare_C_Series-2.1.4.178" --include_path="C:/Users/eruiz3/TI/ccs/tools/compiler/ti-cgt-arm_18.12.4.LTS/include" --define=ccs="ccs" --define=PART_TM4C129ENCPDT -g --gcc --diag_warning=225 --diag_wrap=off --display_error_number --abi=eabi --preproc_with_compile --preproc_dependency="Ejemplo_3.d_raw"  "../Ejemplo_3.c"
"../Ejemplo_3.c", line 24: warning #176-D: expression has no effect
Finished building: "../Ejemplo_3.c"
 
Building file: "../main.c"
Invoking: ARM Compiler
"C:/Users/eruiz3/TI/ccs/tools/compiler/ti-cgt-arm_18.12.4.LTS/bin/armcl" -mv7M4 --code_state=16 --float_support=FPv4SPD16 -me --include_path="C:/Users/eruiz3/TI/DSE2022/DSEV2Lab01ERS" --include_path="C:/Users/eruiz3/TI/TivaWare_C_Series-2.1.4.178" --include_path="C:/Users/eruiz3/TI/ccs/tools/compiler/ti-cgt-arm_18.12.4.LTS/include" --define=ccs="ccs" --define=PART_TM4C129ENCPDT -g --gcc --diag_warning=225 --diag_wrap=off --display_error_number --abi=eabi --preproc_with_compile --preproc_dependency="main.d_raw"  "../main.c"
"..\Ejemplo_1.c", line 20: warning #121-D: return value type does not match the function type
"..\Ejemplo_3.c", line 24: warning #176-D: expression has no effect
Finished building: "../main.c"
 
Building target: "DSEV2Lab01ERS.out"
Invoking: ARM Linker
"C:/Users/eruiz3/TI/ccs/tools/compiler/ti-cgt-arm_18.12.4.LTS/bin/armcl" -mv7M4 --code_state=16 --float_support=FPv4SPD16 -me --define=ccs="ccs" --define=PART_TM4C129ENCPDT -g --gcc --diag_warning=225 --diag_wrap=off --display_error_number --abi=eabi -z -m"DSEV2Lab01ERS.map" --heap_size=0 --stack_size=512 -i"C:/Users/eruiz3/TI/ccs/tools/compiler/ti-cgt-arm_18.12.4.LTS/lib" -i"C:/Users/eruiz3/TI/ccs/tools/compiler/ti-cgt-arm_18.12.4.LTS/include" --reread_libs --diag_wrap=off --display_error_number --warn_sections --xml_link_info="DSEV2Lab01ERS_linkInfo.xml" --rom_model -o "DSEV2Lab01ERS.out" "./Ejemplo_1.obj" "./Ejemplo_2.obj" "./Ejemplo_3.obj" "./main.obj" "./tm4c129encpdt_startup_ccs.obj" "C:/Users/eruiz3/TI/TivaWare_C_Series-2.1.4.178/driverlib/ccs/Debug/driverlib.lib" "../tm4c129encpdt.cmd"  -llibc.a 
<Linking>
error #10056: symbol "FN_Cube" redefined: first defined in "./Ejemplo_3.obj"; redefined in "./main.obj"
error #10056: symbol "Ej3" redefined: first defined in "./Ejemplo_3.obj"; redefined in "./main.obj"
error #10056: symbol "Ej2" redefined: first defined in "./Ejemplo_2.obj"; redefined in "./main.obj"
error #10056: symbol "Ej1" redefined: first defined in "./Ejemplo_1.obj"; redefined in "./main.obj"
error #10056: symbol "SR_Cube" redefined: first defined in "./Ejemplo_3.obj"; redefined in "./main.obj"
error #10010: errors encountered during linking; "DSEV2Lab01ERS.out" not built
 
>> Compilation failure
makefile:146: recipe for target 'DSEV2Lab01ERS.out' failed
gmake[1]: *** [DSEV2Lab01ERS.out] Error 1
makefile:142: recipe for target 'all' failed
gmake: *** [all] Error 2

**** Build Finished ****

**** Build of configuration Debug for project DSEV2Lab01ERS ****

"C:\\Users\\eruiz3\\TI\\ccs\\utils\\bin\\gmake" -k -j 8 all -O 
 
Building file: "../Ejemplo_1.c"
Invoking: ARM Compiler
"C:/Users/eruiz3/TI/ccs/tools/compiler/ti-cgt-arm_18.12.4.LTS/bin/armcl" -mv7M4 --code_state=16 --float_support=FPv4SPD16 -me --include_path="C:/Users/eruiz3/TI/DSE2022/DSEV2Lab01ERS" --include_path="C:/Users/eruiz3/TI/TivaWare_C_Series-2.1.4.178" --include_path="C:/Users/eruiz3/TI/ccs/tools/compiler/ti-cgt-arm_18.12.4.LTS/include" --define=ccs="ccs" --define=PART_TM4C129ENCPDT -g --gcc --diag_warning=225 --diag_wrap=off --display_error_number --abi=eabi --preproc_with_compile --preproc_dependency="Ejemplo_1.d_raw"  "../Ejemplo_1.c"
 
>> Compilation failure
subdir_rules.mk:9: recipe for target 'Ejemplo_1.obj' failed
"../Ejemplo_1.c", line 8: error #102: "yPtr" has already been declared in the current scope
1 error detected in the compilation of "../Ejemplo_1.c".
gmake: *** [Ejemplo_1.obj] Error 1
Building file: "../main.c"
Invoking: ARM Compiler
"C:/Users/eruiz3/TI/ccs/tools/compiler/ti-cgt-arm_18.12.4.LTS/bin/armcl" -mv7M4 --code_state=16 --float_support=FPv4SPD16 -me --include_path="C:/Users/eruiz3/TI/DSE2022/DSEV2Lab01ERS" --include_path="C:/Users/eruiz3/TI/TivaWare_C_Series-2.1.4.178" --include_path="C:/Users/eruiz3/TI/ccs/tools/compiler/ti-cgt-arm_18.12.4.LTS/include" --define=ccs="ccs" --define=PART_TM4C129ENCPDT -g --gcc --diag_warning=225 --diag_wrap=off --display_error_number --abi=eabi --preproc_with_compile --preproc_dependency="main.d_raw"  "../main.c"
 
>> Compilation failure
subdir_rules.mk:9: recipe for target 'main.obj' failed
"..\Ejemplo_1.c", line 8: error #102: "yPtr" has already been declared in the current scope
"..\Ejemplo_3.c", line 24: warning #176-D: expression has no effect
"../main.c", line 60: error #20: identifier "yPtr" is undefined
"../main.c", line 61: error #20: identifier "ui8Result2" is undefined
"../main.c", line 62: error #20: identifier "ui8Result3" is undefined
"../main.c", line 62: error #20: identifier "ui8Result4" is undefined
5 errors detected in the compilation of "../main.c".
gmake: *** [main.obj] Error 1
gmake: Target 'all' not remade because of errors.

**** Build Finished ****

**** Build of configuration Debug for project DSEV2Lab01ERS ****

"C:\\Users\\eruiz3\\TI\\ccs\\utils\\bin\\gmake" -k -j 8 all -O 
 
Building file: "../Ejemplo_1.c"
Invoking: ARM Compiler
"C:/Users/eruiz3/TI/ccs/tools/compiler/ti-cgt-arm_18.12.4.LTS/bin/armcl" -mv7M4 --code_state=16 --float_support=FPv4SPD16 -me --include_path="C:/Users/eruiz3/TI/DSE2022/DSEV2Lab01ERS" --include_path="C:/Users/eruiz3/TI/TivaWare_C_Series-2.1.4.178" --include_path="C:/Users/eruiz3/TI/ccs/tools/compiler/ti-cgt-arm_18.12.4.LTS/include" --define=ccs="ccs" --define=PART_TM4C129ENCPDT -g --gcc --diag_warning=225 --diag_wrap=off --display_error_number --abi=eabi --preproc_with_compile --preproc_dependency="Ejemplo_1.d_raw"  "../Ejemplo_1.c"
 
>> Compilation failure
subdir_rules.mk:9: recipe for target 'Ejemplo_1.obj' failed
"../Ejemplo_1.c", line 8: error #102: "yPtr" has already been declared in the current scope
1 error detected in the compilation of "../Ejemplo_1.c".
gmake: *** [Ejemplo_1.obj] Error 1
Building file: "../main.c"
Invoking: ARM Compiler
"C:/Users/eruiz3/TI/ccs/tools/compiler/ti-cgt-arm_18.12.4.LTS/bin/armcl" -mv7M4 --code_state=16 --float_support=FPv4SPD16 -me --include_path="C:/Users/eruiz3/TI/DSE2022/DSEV2Lab01ERS" --include_path="C:/Users/eruiz3/TI/TivaWare_C_Series-2.1.4.178" --include_path="C:/Users/eruiz3/TI/ccs/tools/compiler/ti-cgt-arm_18.12.4.LTS/include" --define=ccs="ccs" --define=PART_TM4C129ENCPDT -g --gcc --diag_warning=225 --diag_wrap=off --display_error_number --abi=eabi --preproc_with_compile --preproc_dependency="main.d_raw"  "../main.c"
 
>> Compilation failure
subdir_rules.mk:9: recipe for target 'main.obj' failed
"..\Ejemplo_1.c", line 8: error #102: "yPtr" has already been declared in the current scope
"..\Ejemplo_3.c", line 24: warning #176-D: expression has no effect
"../main.c", line 60: error #20: identifier "yPtr" is undefined
"../main.c", line 61: error #20: identifier "ui8Result2" is undefined
"../main.c", line 62: error #20: identifier "ui8Result3" is undefined
"../main.c", line 62: error #20: identifier "ui8Result4" is undefined
5 errors detected in the compilation of "../main.c".
gmake: *** [main.obj] Error 1
gmake: Target 'all' not remade because of errors.

**** Build Finished ****

**** Build of configuration Debug for project DSEV2Lab01ERS ****

"C:\\Users\\eruiz3\\TI\\ccs\\utils\\bin\\gmake" -k -j 8 all -O 
 
Building file: "../Ejemplo_1.c"
Invoking: ARM Compiler
"C:/Users/eruiz3/TI/ccs/tools/compiler/ti-cgt-arm_18.12.4.LTS/bin/armcl" -mv7M4 --code_state=16 --float_support=FPv4SPD16 -me --include_path="C:/Users/eruiz3/TI/DSE2022/DSEV2Lab01ERS" --include_path="C:/Users/eruiz3/TI/TivaWare_C_Series-2.1.4.178" --include_path="C:/Users/eruiz3/TI/ccs/tools/compiler/ti-cgt-arm_18.12.4.LTS/include" --define=ccs="ccs" --define=PART_TM4C129ENCPDT -g --gcc --diag_warning=225 --diag_wrap=off --display_error_number --abi=eabi --preproc_with_compile --preproc_dependency="Ejemplo_1.d_raw"  "../Ejemplo_1.c"
 
>> Compilation failure
subdir_rules.mk:9: recipe for target 'Ejemplo_1.obj' failed
"../Ejemplo_1.c", line 8: error #102: "yPtr" has already been declared in the current scope
1 error detected in the compilation of "../Ejemplo_1.c".
gmake: *** [Ejemplo_1.obj] Error 1
Building file: "../main.c"
Invoking: ARM Compiler
"C:/Users/eruiz3/TI/ccs/tools/compiler/ti-cgt-arm_18.12.4.LTS/bin/armcl" -mv7M4 --code_state=16 --float_support=FPv4SPD16 -me --include_path="C:/Users/eruiz3/TI/DSE2022/DSEV2Lab01ERS" --include_path="C:/Users/eruiz3/TI/TivaWare_C_Series-2.1.4.178" --include_path="C:/Users/eruiz3/TI/ccs/tools/compiler/ti-cgt-arm_18.12.4.LTS/include" --define=ccs="ccs" --define=PART_TM4C129ENCPDT -g --gcc --diag_warning=225 --diag_wrap=off --display_error_number --abi=eabi --preproc_with_compile --preproc_dependency="main.d_raw"  "../main.c"
Finished building: "../main.c"
 
gmake: Target 'all' not remade because of errors.

**** Build Finished ****

**** Build of configuration Debug for project DSEV2Lab01ERS ****

"C:\\Users\\eruiz3\\TI\\ccs\\utils\\bin\\gmake" -k -j 8 all -O 
 
Building target: "DSEV2Lab01ERS.out"
Invoking: ARM Linker
"C:/Users/eruiz3/TI/ccs/tools/compiler/ti-cgt-arm_18.12.4.LTS/bin/armcl" -mv7M4 --code_state=16 --float_support=FPv4SPD16 -me --define=ccs="ccs" --define=PART_TM4C129ENCPDT -g --gcc --diag_warning=225 --diag_wrap=off --display_error_number --abi=eabi -z -m"DSEV2Lab01ERS.map" --heap_size=0 --stack_size=512 -i"C:/Users/eruiz3/TI/ccs/tools/compiler/ti-cgt-arm_18.12.4.LTS/lib" -i"C:/Users/eruiz3/TI/ccs/tools/compiler/ti-cgt-arm_18.12.4.LTS/include" --reread_libs --diag_wrap=off --display_error_number --warn_sections --xml_link_info="DSEV2Lab01ERS_linkInfo.xml" --rom_model -o "DSEV2Lab01ERS.out" "./main.obj" "./tm4c129encpdt_startup_ccs.obj" "C:/Users/eruiz3/TI/TivaWare_C_Series-2.1.4.178/driverlib/ccs/Debug/driverlib.lib" "../tm4c129encpdt.cmd"  -llibc.a 
<Linking>
Finished building target: "DSEV2Lab01ERS.out"
 

**** Build Finished ****

**** Build of configuration Debug for project DSEV2Lab07ERS ****

"C:\\Users\\eruiz3\\TI\\ccs\\utils\\bin\\gmake" -k -j 8 all -O 
 
Building file: "../main.c"
Invoking: ARM Compiler
"C:/Users/eruiz3/TI/ccs/tools/compiler/ti-cgt-arm_18.12.4.LTS/bin/armcl" -mv7M4 --code_state=16 --float_support=FPv4SPD16 -me --include_path="C:/Users/eruiz3/TI/DSE2022/DSEV2Lab07ERS" --include_path="C:/Users/eruiz3/TI/ccs/tools/compiler/ti-cgt-arm_18.12.4.LTS/include" --define=ccs="ccs" --define=PART_TM4C129ENCPDT -g --gcc --diag_warning=225 --diag_wrap=off --display_error_number --abi=eabi --preproc_with_compile --preproc_dependency="main.d_raw"  "../main.c"
Finished building: "../main.c"
 
Building file: "../tm4c129encpdt_startup_ccs.c"
Invoking: ARM Compiler
"C:/Users/eruiz3/TI/ccs/tools/compiler/ti-cgt-arm_18.12.4.LTS/bin/armcl" -mv7M4 --code_state=16 --float_support=FPv4SPD16 -me --include_path="C:/Users/eruiz3/TI/DSE2022/DSEV2Lab07ERS" --include_path="C:/Users/eruiz3/TI/ccs/tools/compiler/ti-cgt-arm_18.12.4.LTS/include" --define=ccs="ccs" --define=PART_TM4C129ENCPDT -g --gcc --diag_warning=225 --diag_wrap=off --display_error_number --abi=eabi --preproc_with_compile --preproc_dependency="tm4c129encpdt_startup_ccs.d_raw"  "../tm4c129encpdt_startup_ccs.c"
Finished building: "../tm4c129encpdt_startup_ccs.c"
 
Building target: "DSEV2Lab07ERS.out"
Invoking: ARM Linker
"C:/Users/eruiz3/TI/ccs/tools/compiler/ti-cgt-arm_18.12.4.LTS/bin/armcl" -mv7M4 --code_state=16 --float_support=FPv4SPD16 -me --define=ccs="ccs" --define=PART_TM4C129ENCPDT -g --gcc --diag_warning=225 --diag_wrap=off --display_error_number --abi=eabi -z -m"DSEV2Lab07ERS.map" --heap_size=0 --stack_size=512 -i"C:/Users/eruiz3/TI/ccs/tools/compiler/ti-cgt-arm_18.12.4.LTS/lib" -i"C:/Users/eruiz3/TI/ccs/tools/compiler/ti-cgt-arm_18.12.4.LTS/include" --reread_libs --diag_wrap=off --display_error_number --warn_sections --xml_link_info="DSEV2Lab07ERS_linkInfo.xml" --rom_model -o "DSEV2Lab07ERS.out" "./main.obj" "./tm4c129encpdt_startup_ccs.obj" "../tm4c129encpdt.cmd"  -llibc.a 
<Linking>
Finished building target: "DSEV2Lab07ERS.out"
 

**** Build Finished ****

**** Build of configuration Debug for project DSEV2Lab07ERS ****

"C:\\Users\\eruiz3\\TI\\ccs\\utils\\bin\\gmake" -k -j 8 all -O 
 
Building file: "../main.c"
Invoking: ARM Compiler
"C:/Users/eruiz3/TI/ccs/tools/compiler/ti-cgt-arm_18.12.4.LTS/bin/armcl" -mv7M4 --code_state=16 --float_support=FPv4SPD16 -me --include_path="C:/Users/eruiz3/TI/DSE2022/DSEV2Lab07ERS" --include_path="C:/Users/eruiz3/TI/ccs/tools/compiler/ti-cgt-arm_18.12.4.LTS/include" --define=ccs="ccs" --define=PART_TM4C129ENCPDT -g --gcc --diag_warning=225 --diag_wrap=off --display_error_number --abi=eabi --preproc_with_compile --preproc_dependency="main.d_raw"  "../main.c"
 
>> Compilation failure
subdir_rules.mk:9: recipe for target 'main.obj' failed
"../main.c", line 7: fatal error #1965: cannot open source file "max7219.h"
1 catastrophic error detected in the compilation of "../main.c".
Compilation terminated.
gmake: *** [main.obj] Error 1
gmake: Target 'all' not remade because of errors.

**** Build Finished ****

**** Build of configuration Debug for project DSEV2Lab07ERS ****

"C:\\Users\\eruiz3\\TI\\ccs\\utils\\bin\\gmake" -k -j 8 all -O 
 
Building file: "../main.c"
Invoking: ARM Compiler
"C:/Users/eruiz3/TI/ccs/tools/compiler/ti-cgt-arm_18.12.4.LTS/bin/armcl" -mv7M4 --code_state=16 --float_support=FPv4SPD16 -me --include_path="C:/Users/eruiz3/TI/DSE2022/DSEV2Lab07ERS" --include_path="C:/Users/eruiz3/Downloads" --include_path="C:/Users/eruiz3/TI/ccs/tools/compiler/ti-cgt-arm_18.12.4.LTS/include" --define=ccs="ccs" --define=PART_TM4C129ENCPDT -g --gcc --diag_warning=225 --diag_wrap=off --display_error_number --abi=eabi --preproc_with_compile --preproc_dependency="main.d_raw"  "../main.c"
Finished building: "../main.c"
 
Building file: "../tm4c129encpdt_startup_ccs.c"
Invoking: ARM Compiler
"C:/Users/eruiz3/TI/ccs/tools/compiler/ti-cgt-arm_18.12.4.LTS/bin/armcl" -mv7M4 --code_state=16 --float_support=FPv4SPD16 -me --include_path="C:/Users/eruiz3/TI/DSE2022/DSEV2Lab07ERS" --include_path="C:/Users/eruiz3/Downloads" --include_path="C:/Users/eruiz3/TI/ccs/tools/compiler/ti-cgt-arm_18.12.4.LTS/include" --define=ccs="ccs" --define=PART_TM4C129ENCPDT -g --gcc --diag_warning=225 --diag_wrap=off --display_error_number --abi=eabi --preproc_with_compile --preproc_dependency="tm4c129encpdt_startup_ccs.d_raw"  "../tm4c129encpdt_startup_ccs.c"
Finished building: "../tm4c129encpdt_startup_ccs.c"
 
Building target: "DSEV2Lab07ERS.out"
Invoking: ARM Linker
"C:/Users/eruiz3/TI/ccs/tools/compiler/ti-cgt-arm_18.12.4.LTS/bin/armcl" -mv7M4 --code_state=16 --float_support=FPv4SPD16 -me --define=ccs="ccs" --define=PART_TM4C129ENCPDT -g --gcc --diag_warning=225 --diag_wrap=off --display_error_number --abi=eabi -z -m"DSEV2Lab07ERS.map" --heap_size=0 --stack_size=512 -i"C:/Users/eruiz3/TI/ccs/tools/compiler/ti-cgt-arm_18.12.4.LTS/lib" -i"C:/Users/eruiz3/TI/ccs/tools/compiler/ti-cgt-arm_18.12.4.LTS/include" --reread_libs --diag_wrap=off --display_error_number --warn_sections --xml_link_info="DSEV2Lab07ERS_linkInfo.xml" --rom_model -o "DSEV2Lab07ERS.out" "./main.obj" "./tm4c129encpdt_startup_ccs.obj" "../tm4c129encpdt.cmd"  -llibc.a 
<Linking>
Finished building target: "DSEV2Lab07ERS.out"
 

**** Build Finished ****

**** Build of configuration Debug for project DSEV2Lab07ERS ****

"C:\\Users\\eruiz3\\TI\\ccs\\utils\\bin\\gmake" -k -j 8 all -O 
 
Building file: "../main.c"
Invoking: ARM Compiler
"C:/Users/eruiz3/TI/ccs/tools/compiler/ti-cgt-arm_18.12.4.LTS/bin/armcl" -mv7M4 --code_state=16 --float_support=FPv4SPD16 -me --include_path="C:/Users/eruiz3/TI/DSE2022/DSEV2Lab07ERS" --include_path="C:/Users/eruiz3/Downloads" --include_path="C:/Users/eruiz3/TI/ccs/tools/compiler/ti-cgt-arm_18.12.4.LTS/include" --define=ccs="ccs" --define=PART_TM4C129ENCPDT -g --gcc --diag_warning=225 --diag_wrap=off --display_error_number --abi=eabi --preproc_with_compile --preproc_dependency="main.d_raw"  "../main.c"
Finished building: "../main.c"
 
Building target: "DSEV2Lab07ERS.out"
Invoking: ARM Linker
"C:/Users/eruiz3/TI/ccs/tools/compiler/ti-cgt-arm_18.12.4.LTS/bin/armcl" -mv7M4 --code_state=16 --float_support=FPv4SPD16 -me --define=ccs="ccs" --define=PART_TM4C129ENCPDT -g --gcc --diag_warning=225 --diag_wrap=off --display_error_number --abi=eabi -z -m"DSEV2Lab07ERS.map" --heap_size=0 --stack_size=512 -i"C:/Users/eruiz3/TI/ccs/tools/compiler/ti-cgt-arm_18.12.4.LTS/lib" -i"C:/Users/eruiz3/TI/ccs/tools/compiler/ti-cgt-arm_18.12.4.LTS/include" --reread_libs --diag_wrap=off --display_error_number --warn_sections --xml_link_info="DSEV2Lab07ERS_linkInfo.xml" --rom_model -o "DSEV2Lab07ERS.out" "./main.obj" "./tm4c129encpdt_startup_ccs.obj" "../tm4c129encpdt.cmd"  -llibc.a 
<Linking>
Finished building target: "DSEV2Lab07ERS.out"
 

**** Build Finished ****

**** Build of configuration Debug for project DSEV2Lab07ERS ****

"C:\\Users\\eruiz3\\TI\\ccs\\utils\\bin\\gmake" -k -j 8 all -O 
 
Building file: "../main.c"
Invoking: ARM Compiler
"C:/Users/eruiz3/TI/ccs/tools/compiler/ti-cgt-arm_18.12.4.LTS/bin/armcl" -mv7M4 --code_state=16 --float_support=FPv4SPD16 -me --include_path="C:/Users/eruiz3/TI/DSE2022/DSEV2Lab07ERS" --include_path="C:/Users/eruiz3/Downloads" --include_path="C:/Users/eruiz3/TI/ccs/tools/compiler/ti-cgt-arm_18.12.4.LTS/include" --define=ccs="ccs" --define=PART_TM4C129ENCPDT -g --gcc --diag_warning=225 --diag_wrap=off --display_error_number --abi=eabi --preproc_with_compile --preproc_dependency="main.d_raw"  "../main.c"
"C:/Users/eruiz3/Downloads/max7219.h", line 36: warning #14-D: extra text after expected end of preprocessing directive
"C:/Users/eruiz3/Downloads/max7219.h", line 40: warning #1921-D: white space is required between the macro name "No" and its replacement text
Finished building: "../main.c"
 
Building target: "DSEV2Lab07ERS.out"
Invoking: ARM Linker
"C:/Users/eruiz3/TI/ccs/tools/compiler/ti-cgt-arm_18.12.4.LTS/bin/armcl" -mv7M4 --code_state=16 --float_support=FPv4SPD16 -me --define=ccs="ccs" --define=PART_TM4C129ENCPDT -g --gcc --diag_warning=225 --diag_wrap=off --display_error_number --abi=eabi -z -m"DSEV2Lab07ERS.map" --heap_size=0 --stack_size=512 -i"C:/Users/eruiz3/TI/ccs/tools/compiler/ti-cgt-arm_18.12.4.LTS/lib" -i"C:/Users/eruiz3/TI/ccs/tools/compiler/ti-cgt-arm_18.12.4.LTS/include" --reread_libs --diag_wrap=off --display_error_number --warn_sections --xml_link_info="DSEV2Lab07ERS_linkInfo.xml" --rom_model -o "DSEV2Lab07ERS.out" "./main.obj" "./tm4c129encpdt_startup_ccs.obj" "../tm4c129encpdt.cmd"  -llibc.a 
<Linking>
Finished building target: "DSEV2Lab07ERS.out"
 

**** Build Finished ****

**** Build of configuration Debug for project DSEV2Lab07ERS ****

"C:\\Users\\eruiz3\\TI\\ccs\\utils\\bin\\gmake" -k -j 8 all -O 
 
Building file: "../main.c"
Invoking: ARM Compiler
"C:/Users/eruiz3/TI/ccs/tools/compiler/ti-cgt-arm_18.12.4.LTS/bin/armcl" -mv7M4 --code_state=16 --float_support=FPv4SPD16 -me --include_path="C:/Users/eruiz3/TI/DSE2022/DSEV2Lab07ERS" --include_path="C:/Users/eruiz3/Downloads" --include_path="C:/Users/eruiz3/TI/ccs/tools/compiler/ti-cgt-arm_18.12.4.LTS/include" --define=ccs="ccs" --define=PART_TM4C129ENCPDT -g --gcc --diag_warning=225 --diag_wrap=off --display_error_number --abi=eabi --preproc_with_compile --preproc_dependency="main.d_raw"  "../main.c"
"C:/Users/eruiz3/Downloads/max7219.h", line 36: warning #14-D: extra text after expected end of preprocessing directive
Finished building: "../main.c"
 
Building target: "DSEV2Lab07ERS.out"
Invoking: ARM Linker
"C:/Users/eruiz3/TI/ccs/tools/compiler/ti-cgt-arm_18.12.4.LTS/bin/armcl" -mv7M4 --code_state=16 --float_support=FPv4SPD16 -me --define=ccs="ccs" --define=PART_TM4C129ENCPDT -g --gcc --diag_warning=225 --diag_wrap=off --display_error_number --abi=eabi -z -m"DSEV2Lab07ERS.map" --heap_size=0 --stack_size=512 -i"C:/Users/eruiz3/TI/ccs/tools/compiler/ti-cgt-arm_18.12.4.LTS/lib" -i"C:/Users/eruiz3/TI/ccs/tools/compiler/ti-cgt-arm_18.12.4.LTS/include" --reread_libs --diag_wrap=off --display_error_number --warn_sections --xml_link_info="DSEV2Lab07ERS_linkInfo.xml" --rom_model -o "DSEV2Lab07ERS.out" "./main.obj" "./tm4c129encpdt_startup_ccs.obj" "../tm4c129encpdt.cmd"  -llibc.a 
<Linking>
Finished building target: "DSEV2Lab07ERS.out"
 

**** Build Finished ****

**** Build of configuration Debug for project DSEV2Lab07ERS ****

"C:\\Users\\eruiz3\\TI\\ccs\\utils\\bin\\gmake" -k -j 8 all -O 
 
Building file: "../main.c"
Invoking: ARM Compiler
"C:/Users/eruiz3/TI/ccs/tools/compiler/ti-cgt-arm_18.12.4.LTS/bin/armcl" -mv7M4 --code_state=16 --float_support=FPv4SPD16 -me --include_path="C:/Users/eruiz3/TI/DSE2022/DSEV2Lab07ERS" --include_path="C:/Users/eruiz3/Downloads" --include_path="C:/Users/eruiz3/TI/ccs/tools/compiler/ti-cgt-arm_18.12.4.LTS/include" --define=ccs="ccs" --define=PART_TM4C129ENCPDT -g --gcc --diag_warning=225 --diag_wrap=off --display_error_number --abi=eabi --preproc_with_compile --preproc_dependency="main.d_raw"  "../main.c"
"C:/Users/eruiz3/Downloads/max7219.h", line 55: warning #14-D: extra text after expected end of preprocessing directive
Finished building: "../main.c"
 
Building target: "DSEV2Lab07ERS.out"
Invoking: ARM Linker
"C:/Users/eruiz3/TI/ccs/tools/compiler/ti-cgt-arm_18.12.4.LTS/bin/armcl" -mv7M4 --code_state=16 --float_support=FPv4SPD16 -me --define=ccs="ccs" --define=PART_TM4C129ENCPDT -g --gcc --diag_warning=225 --diag_wrap=off --display_error_number --abi=eabi -z -m"DSEV2Lab07ERS.map" --heap_size=0 --stack_size=512 -i"C:/Users/eruiz3/TI/ccs/tools/compiler/ti-cgt-arm_18.12.4.LTS/lib" -i"C:/Users/eruiz3/TI/ccs/tools/compiler/ti-cgt-arm_18.12.4.LTS/include" --reread_libs --diag_wrap=off --display_error_number --warn_sections --xml_link_info="DSEV2Lab07ERS_linkInfo.xml" --rom_model -o "DSEV2Lab07ERS.out" "./main.obj" "./tm4c129encpdt_startup_ccs.obj" "../tm4c129encpdt.cmd"  -llibc.a 
<Linking>
Finished building target: "DSEV2Lab07ERS.out"
 

**** Build Finished ****

**** Build of configuration Debug for project DSEV2Lab07ERS ****

"C:\\Users\\eruiz3\\TI\\ccs\\utils\\bin\\gmake" -k -j 8 all -O 
 
Building file: "../main.c"
Invoking: ARM Compiler
"C:/Users/eruiz3/TI/ccs/tools/compiler/ti-cgt-arm_18.12.4.LTS/bin/armcl" -mv7M4 --code_state=16 --float_support=FPv4SPD16 -me --include_path="C:/Users/eruiz3/TI/DSE2022/DSEV2Lab07ERS" --include_path="C:/Users/eruiz3/Downloads" --include_path="C:/Users/eruiz3/TI/ccs/tools/compiler/ti-cgt-arm_18.12.4.LTS/include" --define=ccs="ccs" --define=PART_TM4C129ENCPDT -g --gcc --diag_warning=225 --diag_wrap=off --display_error_number --abi=eabi --preproc_with_compile --preproc_dependency="main.d_raw"  "../main.c"
"C:/Users/eruiz3/Downloads/max7219.h", line 53: warning #14-D: extra text after expected end of preprocessing directive
Finished building: "../main.c"
 
Building target: "DSEV2Lab07ERS.out"
Invoking: ARM Linker
"C:/Users/eruiz3/TI/ccs/tools/compiler/ti-cgt-arm_18.12.4.LTS/bin/armcl" -mv7M4 --code_state=16 --float_support=FPv4SPD16 -me --define=ccs="ccs" --define=PART_TM4C129ENCPDT -g --gcc --diag_warning=225 --diag_wrap=off --display_error_number --abi=eabi -z -m"DSEV2Lab07ERS.map" --heap_size=0 --stack_size=512 -i"C:/Users/eruiz3/TI/ccs/tools/compiler/ti-cgt-arm_18.12.4.LTS/lib" -i"C:/Users/eruiz3/TI/ccs/tools/compiler/ti-cgt-arm_18.12.4.LTS/include" --reread_libs --diag_wrap=off --display_error_number --warn_sections --xml_link_info="DSEV2Lab07ERS_linkInfo.xml" --rom_model -o "DSEV2Lab07ERS.out" "./main.obj" "./tm4c129encpdt_startup_ccs.obj" "../tm4c129encpdt.cmd"  -llibc.a 
<Linking>
Finished building target: "DSEV2Lab07ERS.out"
 

**** Build Finished ****

**** Build of configuration Debug for project DSEV2Lab07ERS ****

"C:\\Users\\eruiz3\\TI\\ccs\\utils\\bin\\gmake" -k -j 8 all -O 
 
Building file: "../main.c"
Invoking: ARM Compiler
"C:/Users/eruiz3/TI/ccs/tools/compiler/ti-cgt-arm_18.12.4.LTS/bin/armcl" -mv7M4 --code_state=16 --float_support=FPv4SPD16 -me --include_path="C:/Users/eruiz3/TI/DSE2022/DSEV2Lab07ERS" --include_path="C:/Users/eruiz3/Downloads" --include_path="C:/Users/eruiz3/TI/ccs/tools/compiler/ti-cgt-arm_18.12.4.LTS/include" --define=ccs="ccs" --define=PART_TM4C129ENCPDT -g --gcc --diag_warning=225 --diag_wrap=off --display_error_number --abi=eabi --preproc_with_compile --preproc_dependency="main.d_raw"  "../main.c"
"C:/Users/eruiz3/Downloads/max7219.h", line 53: warning #14-D: extra text after expected end of preprocessing directive
Finished building: "../main.c"
 
Building target: "DSEV2Lab07ERS.out"
Invoking: ARM Linker
"C:/Users/eruiz3/TI/ccs/tools/compiler/ti-cgt-arm_18.12.4.LTS/bin/armcl" -mv7M4 --code_state=16 --float_support=FPv4SPD16 -me --define=ccs="ccs" --define=PART_TM4C129ENCPDT -g --gcc --diag_warning=225 --diag_wrap=off --display_error_number --abi=eabi -z -m"DSEV2Lab07ERS.map" --heap_size=0 --stack_size=512 -i"C:/Users/eruiz3/TI/ccs/tools/compiler/ti-cgt-arm_18.12.4.LTS/lib" -i"C:/Users/eruiz3/TI/ccs/tools/compiler/ti-cgt-arm_18.12.4.LTS/include" --reread_libs --diag_wrap=off --display_error_number --warn_sections --xml_link_info="DSEV2Lab07ERS_linkInfo.xml" --rom_model -o "DSEV2Lab07ERS.out" "./main.obj" "./tm4c129encpdt_startup_ccs.obj" "../tm4c129encpdt.cmd"  -llibc.a 
<Linking>
Finished building target: "DSEV2Lab07ERS.out"
 

**** Build Finished ****

**** Build of configuration Debug for project DSEV2Lab07ERS ****

"C:\\Users\\eruiz3\\TI\\ccs\\utils\\bin\\gmake" -k -j 8 all -O 
 
Building file: "../main.c"
Invoking: ARM Compiler
"C:/Users/eruiz3/TI/ccs/tools/compiler/ti-cgt-arm_18.12.4.LTS/bin/armcl" -mv7M4 --code_state=16 --float_support=FPv4SPD16 -me --include_path="C:/Users/eruiz3/TI/DSE2022/DSEV2Lab07ERS" --include_path="C:/Users/eruiz3/Downloads" --include_path="C:/Users/eruiz3/TI/ccs/tools/compiler/ti-cgt-arm_18.12.4.LTS/include" --define=ccs="ccs" --define=PART_TM4C129ENCPDT -g --gcc --diag_warning=225 --diag_wrap=off --display_error_number --abi=eabi --preproc_with_compile --preproc_dependency="main.d_raw"  "../main.c"
"C:/Users/eruiz3/Downloads/max7219.h", line 53: warning #14-D: extra text after expected end of preprocessing directive
Finished building: "../main.c"
 
Building target: "DSEV2Lab07ERS.out"
Invoking: ARM Linker
"C:/Users/eruiz3/TI/ccs/tools/compiler/ti-cgt-arm_18.12.4.LTS/bin/armcl" -mv7M4 --code_state=16 --float_support=FPv4SPD16 -me --define=ccs="ccs" --define=PART_TM4C129ENCPDT -g --gcc --diag_warning=225 --diag_wrap=off --display_error_number --abi=eabi -z -m"DSEV2Lab07ERS.map" --heap_size=0 --stack_size=512 -i"C:/Users/eruiz3/TI/ccs/tools/compiler/ti-cgt-arm_18.12.4.LTS/lib" -i"C:/Users/eruiz3/TI/ccs/tools/compiler/ti-cgt-arm_18.12.4.LTS/include" --reread_libs --diag_wrap=off --display_error_number --warn_sections --xml_link_info="DSEV2Lab07ERS_linkInfo.xml" --rom_model -o "DSEV2Lab07ERS.out" "./main.obj" "./tm4c129encpdt_startup_ccs.obj" "../tm4c129encpdt.cmd"  -llibc.a 
<Linking>
Finished building target: "DSEV2Lab07ERS.out"
 

**** Build Finished ****

**** Build of configuration Debug for project DSEV2Lab07ERS ****

"C:\\Users\\eruiz3\\TI\\ccs\\utils\\bin\\gmake" -k -j 8 all -O 
 
Building file: "../main.c"
Invoking: ARM Compiler
"C:/Users/eruiz3/TI/ccs/tools/compiler/ti-cgt-arm_18.12.4.LTS/bin/armcl" -mv7M4 --code_state=16 --float_support=FPv4SPD16 -me --include_path="C:/Users/eruiz3/TI/DSE2022/DSEV2Lab07ERS" --include_path="C:/Users/eruiz3/Downloads" --include_path="C:/Users/eruiz3/TI/ccs/tools/compiler/ti-cgt-arm_18.12.4.LTS/include" --define=ccs="ccs" --define=PART_TM4C129ENCPDT -g --gcc --diag_warning=225 --diag_wrap=off --display_error_number --abi=eabi --preproc_with_compile --preproc_dependency="main.d_raw"  "../main.c"
Finished building: "../main.c"
 
Building target: "DSEV2Lab07ERS.out"
Invoking: ARM Linker
"C:/Users/eruiz3/TI/ccs/tools/compiler/ti-cgt-arm_18.12.4.LTS/bin/armcl" -mv7M4 --code_state=16 --float_support=FPv4SPD16 -me --define=ccs="ccs" --define=PART_TM4C129ENCPDT -g --gcc --diag_warning=225 --diag_wrap=off --display_error_number --abi=eabi -z -m"DSEV2Lab07ERS.map" --heap_size=0 --stack_size=512 -i"C:/Users/eruiz3/TI/ccs/tools/compiler/ti-cgt-arm_18.12.4.LTS/lib" -i"C:/Users/eruiz3/TI/ccs/tools/compiler/ti-cgt-arm_18.12.4.LTS/include" --reread_libs --diag_wrap=off --display_error_number --warn_sections --xml_link_info="DSEV2Lab07ERS_linkInfo.xml" --rom_model -o "DSEV2Lab07ERS.out" "./main.obj" "./tm4c129encpdt_startup_ccs.obj" "../tm4c129encpdt.cmd"  -llibc.a 
<Linking>
Finished building target: "DSEV2Lab07ERS.out"
 

**** Build Finished ****

**** Build of configuration Debug for project DSEV2Lab07ERS ****

"C:\\Users\\eruiz3\\TI\\ccs\\utils\\bin\\gmake" -k -j 8 all -O 
 
Building file: "../main.c"
Invoking: ARM Compiler
"C:/Users/eruiz3/TI/ccs/tools/compiler/ti-cgt-arm_18.12.4.LTS/bin/armcl" -mv7M4 --code_state=16 --float_support=FPv4SPD16 -me --include_path="C:/Users/eruiz3/TI/DSE2022/DSEV2Lab07ERS" --include_path="C:/Users/eruiz3/Downloads" --include_path="C:/Users/eruiz3/TI/ccs/tools/compiler/ti-cgt-arm_18.12.4.LTS/include" --define=ccs="ccs" --define=PART_TM4C129ENCPDT -g --gcc --diag_warning=225 --diag_wrap=off --display_error_number --abi=eabi --preproc_with_compile --preproc_dependency="main.d_raw"  "../main.c"
 
>> Compilation failure
subdir_rules.mk:9: recipe for target 'main.obj' failed
"../main.c", line 7: fatal error #1965: cannot open source file "max7219.h"
1 catastrophic error detected in the compilation of "../main.c".
Compilation terminated.
gmake: *** [main.obj] Error 1
gmake: Target 'all' not remade because of errors.

**** Build Finished ****

**** Build of configuration Debug for project DSEV2Lab07ERS ****

"C:\\Users\\eruiz3\\TI\\ccs\\utils\\bin\\gmake" -k -j 8 all -O 
 
Building file: "../main.c"
Invoking: ARM Compiler
"C:/Users/eruiz3/TI/ccs/tools/compiler/ti-cgt-arm_18.12.4.LTS/bin/armcl" -mv7M4 --code_state=16 --float_support=FPv4SPD16 -me --include_path="C:/Users/eruiz3/TI/DSE2022/DSEV2Lab07ERS" --include_path="C:/Users/eruiz3/Downloads" --include_path="C:/Users/eruiz3/TI/ccs/tools/compiler/ti-cgt-arm_18.12.4.LTS/include" --define=ccs="ccs" --define=PART_TM4C129ENCPDT -g --gcc --diag_warning=225 --diag_wrap=off --display_error_number --abi=eabi --preproc_with_compile --preproc_dependency="main.d_raw"  "../main.c"
Finished building: "../main.c"
 
Building target: "DSEV2Lab07ERS.out"
Invoking: ARM Linker
"C:/Users/eruiz3/TI/ccs/tools/compiler/ti-cgt-arm_18.12.4.LTS/bin/armcl" -mv7M4 --code_state=16 --float_support=FPv4SPD16 -me --define=ccs="ccs" --define=PART_TM4C129ENCPDT -g --gcc --diag_warning=225 --diag_wrap=off --display_error_number --abi=eabi -z -m"DSEV2Lab07ERS.map" --heap_size=0 --stack_size=512 -i"C:/Users/eruiz3/TI/ccs/tools/compiler/ti-cgt-arm_18.12.4.LTS/lib" -i"C:/Users/eruiz3/TI/ccs/tools/compiler/ti-cgt-arm_18.12.4.LTS/include" --reread_libs --diag_wrap=off --display_error_number --warn_sections --xml_link_info="DSEV2Lab07ERS_linkInfo.xml" --rom_model -o "DSEV2Lab07ERS.out" "./main.obj" "./tm4c129encpdt_startup_ccs.obj" "../tm4c129encpdt.cmd"  -llibc.a 
<Linking>
Finished building target: "DSEV2Lab07ERS.out"
 

**** Build Finished ****

**** Build of configuration Debug for project DSEV2Lab07ERS ****

"C:\\Users\\eruiz3\\TI\\ccs\\utils\\bin\\gmake" -k -j 8 all -O 
 
Building file: "../main.c"
Invoking: ARM Compiler
"C:/Users/eruiz3/TI/ccs/tools/compiler/ti-cgt-arm_18.12.4.LTS/bin/armcl" -mv7M4 --code_state=16 --float_support=FPv4SPD16 -me --include_path="C:/Users/eruiz3/TI/DSE2022/DSEV2Lab07ERS" --include_path="C:/Users/eruiz3/Downloads" --include_path="C:/Users/eruiz3/TI/DSE2022" --include_path="C:/Users/eruiz3/TI/ccs/tools/compiler/ti-cgt-arm_18.12.4.LTS/include" --define=ccs="ccs" --define=PART_TM4C129ENCPDT -g --gcc --diag_warning=225 --diag_wrap=off --display_error_number --abi=eabi --preproc_with_compile --preproc_dependency="main.d_raw"  "../main.c"
Finished building: "../main.c"
 
Building file: "../tm4c129encpdt_startup_ccs.c"
Invoking: ARM Compiler
"C:/Users/eruiz3/TI/ccs/tools/compiler/ti-cgt-arm_18.12.4.LTS/bin/armcl" -mv7M4 --code_state=16 --float_support=FPv4SPD16 -me --include_path="C:/Users/eruiz3/TI/DSE2022/DSEV2Lab07ERS" --include_path="C:/Users/eruiz3/Downloads" --include_path="C:/Users/eruiz3/TI/DSE2022" --include_path="C:/Users/eruiz3/TI/ccs/tools/compiler/ti-cgt-arm_18.12.4.LTS/include" --define=ccs="ccs" --define=PART_TM4C129ENCPDT -g --gcc --diag_warning=225 --diag_wrap=off --display_error_number --abi=eabi --preproc_with_compile --preproc_dependency="tm4c129encpdt_startup_ccs.d_raw"  "../tm4c129encpdt_startup_ccs.c"
Finished building: "../tm4c129encpdt_startup_ccs.c"
 
Building target: "DSEV2Lab07ERS.out"
Invoking: ARM Linker
"C:/Users/eruiz3/TI/ccs/tools/compiler/ti-cgt-arm_18.12.4.LTS/bin/armcl" -mv7M4 --code_state=16 --float_support=FPv4SPD16 -me --define=ccs="ccs" --define=PART_TM4C129ENCPDT -g --gcc --diag_warning=225 --diag_wrap=off --display_error_number --abi=eabi -z -m"DSEV2Lab07ERS.map" --heap_size=0 --stack_size=512 -i"C:/Users/eruiz3/TI/ccs/tools/compiler/ti-cgt-arm_18.12.4.LTS/lib" -i"C:/Users/eruiz3/TI/ccs/tools/compiler/ti-cgt-arm_18.12.4.LTS/include" --reread_libs --diag_wrap=off --display_error_number --warn_sections --xml_link_info="DSEV2Lab07ERS_linkInfo.xml" --rom_model -o "DSEV2Lab07ERS.out" "./main.obj" "./tm4c129encpdt_startup_ccs.obj" "../tm4c129encpdt.cmd"  -llibc.a 
<Linking>
Finished building target: "DSEV2Lab07ERS.out"
 

**** Build Finished ****

**** Build of configuration Debug for project DSEV2Lab07ERS ****

"C:\\Users\\eruiz3\\TI\\ccs\\utils\\bin\\gmake" -k -j 8 all -O 
 
gmake[1]: 'DSEV2Lab07ERS.out' is up to date.

**** Build Finished ****

**** Build of configuration Debug for project DSEV2Lab07ERS ****

"C:\\Users\\eruiz3\\TI\\ccs\\utils\\bin\\gmake" -k -j 8 all -O 
 
gmake[1]: 'DSEV2Lab07ERS.out' is up to date.

**** Build Finished ****
10:03:23 **** Rebuild of configuration Debug for project DSEV2Lab08ERS ****
Info: Internal Builder is used for build
g++ -O0 -g3 -Wall -c -fmessage-length=0 -o main.o "..\\main.cpp" 
g++ -o DSEV2Lab08ERS.exe main.o 

**** Build of configuration Debug for project DSEV2Lab07ERS ****

"C:\\Users\\eruiz3\\TI\\ccs\\utils\\bin\\gmake" -k -j 8 all -O 
 
gmake[1]: 'DSEV2Lab07ERS.out' is up to date.

**** Build Finished ****
10:17:42 **** Incremental Build of configuration Debug for project DSEV2Lab08ERS ****
Info: Internal Builder is used for build
g++ -static-libgcc -static-libstdc++ -o DSEV2Lab08ERS.exe main.o 
Info: Nothing to build for DSEV2Lab08ERS
10:19:42 **** Incremental Build of configuration Debug for project DSEV2Lab08ERS ****
Info: Internal Builder is used for build
g++ -O0 -g3 -Wall -c -fmessage-length=0 -o main.o "..\\main.cpp" 
g++ -static-libgcc -static-libstdc++ -o DSEV2Lab08ERS.exe main.o 
10:55:34 **** Incremental Build of configuration Debug for project DSEV2Lab08ERS ****
Info: Internal Builder is used for build
g++ -O0 -g3 -Wall -c -fmessage-length=0 -o main.o "..\\main.cpp" 
g++ -O0 -g3 -Wall -c -fmessage-length=0 -o Vehicle.o "..\\Vehicle.cpp" 
In file included from ..\Vehicle.cpp:8:
..\Vehicle.h:13:20: error: expected ';' before 'using'
   13 | using namespace std
      |                    ^
      |                    ;
   14 | using std::vector;
      | ~~~~~               
..\Vehicle.h:16:1: error: expected unqualified-id before '{' token
   16 | {
      | ^
10:55:58 **** Incremental Build of configuration Debug for project DSEV2Lab08ERS ****
Info: Internal Builder is used for build
g++ -O0 -g3 -Wall -c -fmessage-length=0 -o Vehicle.o "..\\Vehicle.cpp" 
In file included from ..\Vehicle.cpp:8:
..\Vehicle.h:16:1: error: expected unqualified-id before '{' token
   16 | {
      | ^
11:12:58 **** Incremental Build of configuration Debug for project DSEV2Lab08ERS ****
Info: Internal Builder is used for build
g++ -O0 -g3 -Wall -c -fmessage-length=0 -o Vehicle.o "..\\Vehicle.cpp" 
In file included from ..\Vehicle.cpp:8:
..\Vehicle.h:34:1: error: expected declaration before '}' token
   34 | }
      | ^
11:13:20 **** Incremental Build of configuration Debug for project DSEV2Lab08ERS ****
Info: Internal Builder is used for build
g++ -O0 -g3 -Wall -c -fmessage-length=0 -o Vehicle.o "..\\Vehicle.cpp" 
g++ -O0 -g3 -Wall -c -fmessage-length=0 -o main.o "..\\main.cpp" 
..\main.cpp: In function 'int main()':
..\main.cpp:19:43: error: narrowing conversion of '178' from 'int' to 'char' [-Wnarrowing]
   19 |     vector<char> Bodywork = {178, 178, 178};
      |                                           ^
..\main.cpp:20:41: error: narrowing conversion of '184' from 'int' to 'char' [-Wnarrowing]
   20 |     vector<char> Wheels = {184, 184, 184};
      |                                         ^
..\main.cpp:24:5: error: 'Ford' was not declared in this scope
   24 |     Ford Vehicle(10, 10, Bodywork, Wheels);
      |     ^~~~
11:15:40 **** Incremental Build of configuration Debug for project DSEV2Lab08ERS ****
Info: Internal Builder is used for build
g++ -O0 -g3 -Wall -c -fmessage-length=0 -o main.o "..\\main.cpp" 
..\main.cpp: In function 'int main()':
..\main.cpp:27:5: error: 'Ford' was not declared in this scope
   27 |     Ford Vehicle(10, 10, Bodywork, Wheels);
      |     ^~~~
11:18:07 **** Incremental Build of configuration Debug for project DSEV2Lab08ERS ****
Info: Internal Builder is used for build
g++ -O0 -g3 -Wall -c -fmessage-length=0 -o main.o "..\\main.cpp" 
..\main.cpp: In function 'int main()':
..\main.cpp:27:21: error: conversion from 'Vehicle*' to non-scalar type 'Vehicle' requested
   27 |     Vehicle Ford  = new Vehicle(10, 10, Bodywork, Wheels);
      |                     ^~~~~~~~~~~~~~~~~~~~~~~~~~~~~~~~~~~~~
11:22:44 **** Incremental Build of configuration Debug for project DSEV2Lab08ERS ****
Info: Internal Builder is used for build
g++ -O0 -g3 -Wall -c -fmessage-length=0 -o main.o "..\\main.cpp" 
..\main.cpp: In function 'int main()':
..\main.cpp:27:5: error: 'Ford' was not declared in this scope
   27 |     Ford Vehicle(10, 10, Bodywork, Wheels);
      |     ^~~~
11:23:08 **** Incremental Build of configuration Debug for project DSEV2Lab08ERS ****
Info: Internal Builder is used for build
g++ -O0 -g3 -Wall -c -fmessage-length=0 -o main.o "..\\main.cpp" 
g++ -O0 -g3 -Wall -c -fmessage-length=0 -o Vehicle.o "..\\Vehicle.cpp" 
g++ -static-libgcc -static-libstdc++ -o DSEV2Lab08ERS.exe Vehicle.o main.o 
11:24:27 **** Incremental Build of configuration Debug for project DSEV2Lab08ERS ****
Info: Internal Builder is used for build
g++ -O0 -g3 -Wall -c -fmessage-length=0 -o main.o "..\\main.cpp" 
g++ -O0 -g3 -Wall -c -fmessage-length=0 -o Vehicle.o "..\\Vehicle.cpp" 
g++ -static-libgcc -static-libstdc++ -o DSEV2Lab08ERS.exe Vehicle.o main.o 
11:25:19 **** Incremental Build of configuration Debug for project DSEV2Lab08ERS ****
Info: Internal Builder is used for build
g++ -O0 -g3 -Wall -c -fmessage-length=0 -o Vehicle.o "..\\Vehicle.cpp" 
g++ -O0 -g3 -Wall -c -fmessage-length=0 -o main.o "..\\main.cpp" 
g++ -static-libgcc -static-libstdc++ -o DSEV2Lab08ERS.exe Vehicle.o main.o 
11:25:40 **** Incremental Build of configuration Debug for project DSEV2Lab08ERS ****
Info: Internal Builder is used for build
g++ -O0 -g3 -Wall -c -fmessage-length=0 -o Vehicle.o "..\\Vehicle.cpp" 
g++ -O0 -g3 -Wall -c -fmessage-length=0 -o main.o "..\\main.cpp" 
g++ -static-libgcc -static-libstdc++ -o DSEV2Lab08ERS.exe Vehicle.o main.o 
11:26:16 **** Incremental Build of configuration Debug for project DSEV2Lab08ERS ****
Info: Internal Builder is used for build
g++ -O0 -g3 -Wall -c -fmessage-length=0 -o main.o "..\\main.cpp" 
..\main.cpp: In function 'int main()':
..\main.cpp:25:42: error: no matching function for call to 'Vehicle::Vehicle(int, int, std::vector<char>&, std::vector<char>&)'
   25 |     Vehicle Ford(10, 10, Bodywork, Wheels);
      |                                          ^
In file included from ..\main.cpp:9:
..\Vehicle.h:20:7: note: candidate: 'Vehicle::Vehicle()'
   20 | class Vehicle
      |       ^~~~~~~
..\Vehicle.h:20:7: note:   candidate expects 0 arguments, 4 provided
..\Vehicle.h:20:7: note: candidate: 'Vehicle::Vehicle(const Vehicle&)'
..\Vehicle.h:20:7: note:   candidate expects 1 argument, 4 provided
..\Vehicle.h:20:7: note: candidate: 'Vehicle::Vehicle(Vehicle&&)'
..\Vehicle.h:20:7: note:   candidate expects 1 argument, 4 provided
11:26:35 **** Incremental Build of configuration Debug for project DSEV2Lab08ERS ****
Info: Internal Builder is used for build
g++ -O0 -g3 -Wall -c -fmessage-length=0 -o Vehicle.o "..\\Vehicle.cpp" 
..\Vehicle.cpp: In member function 'int Vehicle::Ford(int, int, std::vector<char>, std::vector<char>)':
..\Vehicle.cpp:16:1: warning: no return statement in function returning non-void [-Wreturn-type]
   16 | }
      | ^
g++ -O0 -g3 -Wall -c -fmessage-length=0 -o main.o "..\\main.cpp" 
..\main.cpp: In function 'int main()':
..\main.cpp:25:42: error: no matching function for call to 'Vehicle::Vehicle(int, int, std::vector<char>&, std::vector<char>&)'
   25 |     Vehicle Ford(10, 10, Bodywork, Wheels);
      |                                          ^
In file included from ..\main.cpp:9:
..\Vehicle.h:20:7: note: candidate: 'Vehicle::Vehicle()'
   20 | class Vehicle
      |       ^~~~~~~
..\Vehicle.h:20:7: note:   candidate expects 0 arguments, 4 provided
..\Vehicle.h:20:7: note: candidate: 'Vehicle::Vehicle(const Vehicle&)'
..\Vehicle.h:20:7: note:   candidate expects 1 argument, 4 provided
..\Vehicle.h:20:7: note: candidate: 'Vehicle::Vehicle(Vehicle&&)'
..\Vehicle.h:20:7: note:   candidate expects 1 argument, 4 provided
11:27:04 **** Incremental Build of configuration Debug for project DSEV2Lab08ERS ****
Info: Internal Builder is used for build
g++ -O0 -g3 -Wall -c -fmessage-length=0 -o Vehicle.o "..\\Vehicle.cpp" 
g++ -O0 -g3 -Wall -c -fmessage-length=0 -o main.o "..\\main.cpp" 
g++ -static-libgcc -static-libstdc++ -o DSEV2Lab08ERS.exe Vehicle.o main.o 
11:37:03 **** Incremental Build of configuration Debug for project DSEV2Lab08ERS ****
Info: Internal Builder is used for build
g++ -O0 -g3 -Wall -c -fmessage-length=0 -o Vehicle.o "..\\Vehicle.cpp" 
..\Vehicle.cpp: In function 'void goTo_xy(int, int)':
..\Vehicle.cpp:24:41: error: expected ')' before ';' token
   24 |     SetConsoleCursorPosition(hCon, dwPos;)
      |                             ~           ^
      |                                         )
..\Vehicle.cpp:24:42: error: expected primary-expression before ')' token
   24 |     SetConsoleCursorPosition(hCon, dwPos;)
      |                                          ^
11:37:32 **** Incremental Build of configuration Debug for project DSEV2Lab08ERS ****
Info: Internal Builder is used for build
g++ -O0 -g3 -Wall -c -fmessage-length=0 -o main.o "..\\main.cpp" 
g++ -O0 -g3 -Wall -c -fmessage-length=0 -o Vehicle.o "..\\Vehicle.cpp" 
g++ -static-libgcc -static-libstdc++ -o DSEV2Lab08ERS.exe Vehicle.o main.o 
11:39:40 **** Incremental Build of configuration Debug for project DSEV2Lab08ERS ****
Info: Internal Builder is used for build
g++ -O0 -g3 -Wall -c -fmessage-length=0 -o Vehicle.o "..\\Vehicle.cpp" 
g++ -static-libgcc -static-libstdc++ -o DSEV2Lab08ERS.exe Vehicle.o main.o 
11:40:27 **** Incremental Build of configuration Debug for project DSEV2Lab08ERS ****
Info: Internal Builder is used for build
g++ -O0 -g3 -Wall -c -fmessage-length=0 -o main.o "..\\main.cpp" 
g++ -static-libgcc -static-libstdc++ -o DSEV2Lab08ERS.exe Vehicle.o main.o 
11:41:04 **** Incremental Build of configuration Debug for project DSEV2Lab08ERS ****
Info: Internal Builder is used for build
g++ -O0 -g3 -Wall -c -fmessage-length=0 -o main.o "..\\main.cpp" 
g++ -static-libgcc -static-libstdc++ -o DSEV2Lab08ERS.exe Vehicle.o main.o 
11:41:50 **** Incremental Build of configuration Debug for project DSEV2Lab08ERS ****
Info: Internal Builder is used for build
g++ -O0 -g3 -Wall -c -fmessage-length=0 -o main.o "..\\main.cpp" 
g++ -static-libgcc -static-libstdc++ -o DSEV2Lab08ERS.exe Vehicle.o main.o 
11:46:51 **** Incremental Build of configuration Debug for project DSEV2Lab08ERS ****
Info: Internal Builder is used for build
g++ -O0 -g3 -Wall -c -fmessage-length=0 -o Vehicle.o "..\\Vehicle.cpp" 
g++ -static-libgcc -static-libstdc++ -o DSEV2Lab08ERS.exe Vehicle.o main.o 
11:48:42 **** Incremental Build of configuration Debug for project DSEV2Lab08ERS ****
Info: Internal Builder is used for build
g++ -O0 -g3 -Wall -c -fmessage-length=0 -o main.o "..\\main.cpp" 
g++ -O0 -g3 -Wall -c -fmessage-length=0 -o Vehicle.o "..\\Vehicle.cpp" 
g++ -static-libgcc -static-libstdc++ -o DSEV2Lab08ERS.exe Vehicle.o main.o 
11:49:59 **** Incremental Build of configuration Debug for project DSEV2Lab08ERS ****
Info: Internal Builder is used for build
g++ -O0 -g3 -Wall -c -fmessage-length=0 -o Vehicle.o "..\\Vehicle.cpp" 
g++ -static-libgcc -static-libstdc++ -o DSEV2Lab08ERS.exe Vehicle.o main.o 
11:50:35 **** Incremental Build of configuration Debug for project DSEV2Lab08ERS ****
Info: Internal Builder is used for build
g++ -O0 -g3 -Wall -c -fmessage-length=0 -o Vehicle.o "..\\Vehicle.cpp" 
g++ -static-libgcc -static-libstdc++ -o DSEV2Lab08ERS.exe Vehicle.o main.o 
11:52:41 **** Incremental Build of configuration Debug for project DSEV2Lab08ERS ****
Info: Internal Builder is used for build
g++ -O0 -g3 -Wall -c -fmessage-length=0 -o main.o "..\\main.cpp" 
..\main.cpp: In function 'int main()':
..\main.cpp:26:12: error: expected ';' before 'Vehicle2'
   26 |     Vehicle Vehicle2(20, 20, Bodywork1, Wheels1);
      |            ^~~~~~~~~
      |            ;
..\main.cpp:26:5: warning: statement has no effect [-Wunused-value]
   26 |     Vehicle Vehicle2(20, 20, Bodywork1, Wheels1);
      |     ^~~~~~~
..\main.cpp:30:5: error: 'Vehicle2' was not declared in this scope; did you mean 'Vehicle'?
   30 |     Vehicle2.Paint();
      |     ^~~~~~~~
      |     Vehicle
11:54:09 **** Incremental Build of configuration Debug for project DSEV2Lab08ERS ****
Info: Internal Builder is used for build
g++ -O0 -g3 -Wall -c -fmessage-length=0 -o main.o "..\\main.cpp" 
..\main.cpp: In function 'int main()':
..\main.cpp:27:12: error: expected ';' before 'Vehicle2'
   27 |     Vehicle Vehicle2(20, 20, Bodywork1, Wheels1);
      |            ^~~~~~~~~
      |            ;
..\main.cpp:27:5: warning: statement has no effect [-Wunused-value]
   27 |     Vehicle Vehicle2(20, 20, Bodywork1, Wheels1);
      |     ^~~~~~~
..\main.cpp:31:5: error: 'Vehicle2' was not declared in this scope; did you mean 'Vehicle'?
   31 |     Vehicle2.Paint();
      |     ^~~~~~~~
      |     Vehicle
11:55:23 **** Incremental Build of configuration Debug for project DSEV2Lab08ERS ****
Info: Internal Builder is used for build
g++ -O0 -g3 -Wall -c -fmessage-length=0 -o main.o "..\\main.cpp" 
g++ -O0 -g3 -Wall -c -fmessage-length=0 -o Vehicle.o "..\\Vehicle.cpp" 
g++ -static-libgcc -static-libstdc++ -o DSEV2Lab08ERS.exe Vehicle.o main.o 

**** Build of configuration Debug for project DSEV2Lab07ERS ****

"C:\\Users\\eruiz3\\TI\\ccs\\utils\\bin\\gmake" -k -j 8 all -O 
 
gmake[1]: 'DSEV2Lab07ERS.out' is up to date.

**** Build Finished ****
12:09:29 **** Incremental Build of configuration Debug for project DSEV2Lab08ERS ****
Info: Internal Builder is used for build
g++ -O0 -g3 -Wall -c -fmessage-length=0 -o Vehicle.o "..\\Vehicle.cpp" 
g++ -O0 -g3 -Wall -c -fmessage-length=0 -o main.o "..\\main.cpp" 
..\main.cpp: In function 'int main()':
..\main.cpp:29:12: error: expected ';' before 'Vehicle1'
   29 |     Vehicle Vehicle1(20, 20, Bodywork1, Wheels1);
      |            ^~~~~~~~~
      |            ;
..\main.cpp:29:5: warning: statement has no effect [-Wunused-value]
   29 |     Vehicle Vehicle1(20, 20, Bodywork1, Wheels1);
      |     ^~~~~~~
..\main.cpp:30:5: error: 'Vehicle1' was not declared in this scope; did you mean 'Vehicle'?
   30 |     Vehicle1.Paint();
      |     ^~~~~~~~
      |     Vehicle
